2025-03-26 10:56:26,200 | MainThread   | [INFO    ] | _connect            |: Connected to c0:c3:e4:25:23:51
2025-03-26 11:00:44,055 | MainThread   | [INFO    ] | disconnect_handler  |: Disconnected from C0:C3:E4:25:23:51
2025-03-26 11:00:52,986 | MainThread   | [INFO    ] | _connect            |: Looking for Artemis Nano Peripheral Device: c0:c3:e4:25:23:51
2025-03-26 11:00:57,866 | MainThread   | [INFO    ] | _connect            |: Connected to c0:c3:e4:25:23:51
2025-03-26 11:05:18,564 | MainThread   | [INFO    ] | disconnect_handler  |: Disconnected from C0:C3:E4:25:23:51
2025-03-26 11:05:24,401 | MainThread   | [INFO    ] | _connect            |: Looking for Artemis Nano Peripheral Device: c0:c3:e4:25:23:51
2025-03-26 11:05:28,486 | MainThread   | [INFO    ] | _connect            |: Connected to c0:c3:e4:25:23:51
2025-03-26 11:07:52,053 | MainThread   | [INFO    ] | disconnect_handler  |: Disconnected from C0:C3:E4:25:23:51
2025-03-26 11:08:56,999 | MainThread   | [DEBUG   ] | <module>            |: debug
2025-03-26 11:08:57,000 | MainThread   | [INFO    ] | <module>            |: info
2025-03-26 11:08:57,001 | MainThread   | [WARNING ] | <module>            |: warning
2025-03-26 11:08:57,002 | MainThread   | [ERROR   ] | <module>            |: error
2025-03-26 11:08:57,003 | MainThread   | [CRITICAL] | <module>            |: critical
2025-03-26 11:08:57,386 | MainThread   | [INFO    ] | _connect            |: Looking for Artemis Nano Peripheral Device: c0:c3:e4:25:23:51
2025-03-26 11:09:01,820 | MainThread   | [INFO    ] | _connect            |: Connected to c0:c3:e4:25:23:51
2025-03-26 11:11:27,847 | MainThread   | [INFO    ] | disconnect_handler  |: Disconnected from C0:C3:E4:25:23:51
2025-03-26 11:11:32,806 | MainThread   | [INFO    ] | _connect            |: Looking for Artemis Nano Peripheral Device: c0:c3:e4:25:23:51
2025-03-26 11:11:37,111 | MainThread   | [INFO    ] | _connect            |: Connected to c0:c3:e4:25:23:51
2025-03-26 11:12:03,374 | MainThread   | [INFO    ] | disconnect_handler  |: Disconnected from C0:C3:E4:25:23:51
2025-03-26 11:12:03,965 | MainThread   | [INFO    ] | _connect            |: Looking for Artemis Nano Peripheral Device: c0:c3:e4:25:23:51
2025-03-26 11:12:08,102 | MainThread   | [INFO    ] | _connect            |: Connected to c0:c3:e4:25:23:51
2025-03-26 11:13:15,034 | MainThread   | [INFO    ] | _connect            |: Already connected to a BLE device
2025-03-26 11:13:16,509 | MainThread   | [INFO    ] | disconnect_handler  |: Disconnected from C0:C3:E4:25:23:51
2025-03-26 11:13:17,491 | MainThread   | [INFO    ] | _connect            |: Looking for Artemis Nano Peripheral Device: c0:c3:e4:25:23:51
2025-03-26 11:13:21,507 | MainThread   | [INFO    ] | _connect            |: Connected to c0:c3:e4:25:23:51
2025-03-26 11:14:08,053 | MainThread   | [INFO    ] | disconnect_handler  |: Disconnected from C0:C3:E4:25:23:51
2025-03-26 11:14:18,291 | MainThread   | [INFO    ] | _connect            |: Looking for Artemis Nano Peripheral Device: c0:c3:e4:25:23:51
2025-03-26 11:14:22,493 | MainThread   | [INFO    ] | _connect            |: Connected to c0:c3:e4:25:23:51
2025-03-26 11:16:33,907 | MainThread   | [INFO    ] | _connect            |: Already connected to a BLE device
2025-03-26 11:16:37,839 | MainThread   | [INFO    ] | disconnect_handler  |: Disconnected from C0:C3:E4:25:23:51
2025-03-26 11:16:38,667 | MainThread   | [INFO    ] | _connect            |: Looking for Artemis Nano Peripheral Device: c0:c3:e4:25:23:51
2025-03-26 11:16:47,284 | MainThread   | [INFO    ] | _connect            |: Connected to c0:c3:e4:25:23:51
2025-03-26 11:17:12,391 | MainThread   | [INFO    ] | disconnect_handler  |: Disconnected from C0:C3:E4:25:23:51
2025-03-26 11:17:20,259 | MainThread   | [INFO    ] | _connect            |: Looking for Artemis Nano Peripheral Device: c0:c3:e4:25:23:51
2025-03-26 11:17:24,485 | MainThread   | [INFO    ] | _connect            |: Connected to c0:c3:e4:25:23:51
2025-03-26 11:18:04,298 | MainThread   | [INFO    ] | _connect            |: Already connected to a BLE device
2025-03-26 11:18:05,717 | MainThread   | [INFO    ] | disconnect_handler  |: Disconnected from C0:C3:E4:25:23:51
2025-03-26 11:18:07,870 | MainThread   | [INFO    ] | _connect            |: Looking for Artemis Nano Peripheral Device: c0:c3:e4:25:23:51
2025-03-26 11:18:12,795 | MainThread   | [INFO    ] | _connect            |: Connected to c0:c3:e4:25:23:51
2025-03-26 11:19:39,360 | MainThread   | [INFO    ] | disconnect_handler  |: Disconnected from C0:C3:E4:25:23:51
2025-03-26 11:19:41,020 | MainThread   | [INFO    ] | _connect            |: Looking for Artemis Nano Peripheral Device: c0:c3:e4:25:23:51
2025-03-26 11:19:45,083 | MainThread   | [INFO    ] | _connect            |: Connected to c0:c3:e4:25:23:51
2025-03-26 11:21:57,196 | MainThread   | [INFO    ] | disconnect_handler  |: Disconnected from C0:C3:E4:25:23:51
2025-03-26 11:22:00,019 | MainThread   | [INFO    ] | _connect            |: Looking for Artemis Nano Peripheral Device: c0:c3:e4:25:23:51
2025-03-26 11:22:04,363 | MainThread   | [INFO    ] | _connect            |: Connected to c0:c3:e4:25:23:51
2025-03-26 11:22:51,938 | MainThread   | [INFO    ] | _connect            |: Already connected to a BLE device
2025-03-26 11:22:53,435 | MainThread   | [INFO    ] | _connect            |: Already connected to a BLE device
2025-03-26 11:22:55,171 | MainThread   | [INFO    ] | _connect            |: Already connected to a BLE device
2025-03-26 11:22:56,257 | MainThread   | [INFO    ] | disconnect_handler  |: Disconnected from C0:C3:E4:25:23:51
2025-03-26 11:22:56,415 | MainThread   | [INFO    ] | _connect            |: Looking for Artemis Nano Peripheral Device: c0:c3:e4:25:23:51
2025-03-26 11:23:04,772 | MainThread   | [INFO    ] | _connect            |: Connected to c0:c3:e4:25:23:51
2025-03-26 11:24:52,917 | MainThread   | [DEBUG   ] | <module>            |: debug
2025-03-26 11:24:52,917 | MainThread   | [INFO    ] | <module>            |: info
2025-03-26 11:24:52,919 | MainThread   | [WARNING ] | <module>            |: warning
2025-03-26 11:24:52,920 | MainThread   | [ERROR   ] | <module>            |: error
2025-03-26 11:24:52,922 | MainThread   | [CRITICAL] | <module>            |: critical
2025-03-26 11:24:58,822 | MainThread   | [INFO    ] | disconnect_handler  |: Disconnected from C0:C3:E4:25:23:51
2025-03-26 11:25:05,794 | MainThread   | [INFO    ] | _connect            |: Looking for Artemis Nano Peripheral Device: c0:c3:e4:25:23:51
2025-03-26 11:25:09,971 | MainThread   | [INFO    ] | _connect            |: Connected to c0:c3:e4:25:23:51
2025-03-26 11:26:38,901 | MainThread   | [INFO    ] | disconnect_handler  |: Disconnected from C0:C3:E4:25:23:51
2025-03-26 11:26:40,806 | MainThread   | [INFO    ] | _connect            |: Looking for Artemis Nano Peripheral Device: c0:c3:e4:25:23:51
2025-03-26 11:26:44,857 | MainThread   | [INFO    ] | _connect            |: Connected to c0:c3:e4:25:23:51
2025-03-26 11:28:30,617 | MainThread   | [INFO    ] | disconnect_handler  |: Disconnected from C0:C3:E4:25:23:51
2025-03-26 11:28:32,141 | MainThread   | [INFO    ] | _connect            |: Looking for Artemis Nano Peripheral Device: c0:c3:e4:25:23:51
2025-03-26 11:28:36,557 | MainThread   | [INFO    ] | _connect            |: Connected to c0:c3:e4:25:23:51
2025-03-26 11:30:44,791 | MainThread   | [INFO    ] | disconnect_handler  |: Disconnected from C0:C3:E4:25:23:51
2025-03-26 11:30:44,962 | MainThread   | [INFO    ] | _connect            |: Looking for Artemis Nano Peripheral Device: c0:c3:e4:25:23:51
2025-03-26 11:30:49,437 | MainThread   | [INFO    ] | _connect            |: Connected to c0:c3:e4:25:23:51
2025-03-26 11:33:39,790 | MainThread   | [INFO    ] | disconnect_handler  |: Disconnected from C0:C3:E4:25:23:51
2025-03-26 11:33:42,321 | MainThread   | [INFO    ] | _connect            |: Looking for Artemis Nano Peripheral Device: c0:c3:e4:25:23:51
2025-03-26 11:33:48,983 | MainThread   | [INFO    ] | _connect            |: Connected to c0:c3:e4:25:23:51
2025-04-09 08:55:40,182 | MainThread   | [DEBUG   ] | <module>            |: debug
2025-04-09 08:55:40,182 | MainThread   | [INFO    ] | <module>            |: info
2025-04-09 08:55:40,184 | MainThread   | [WARNING ] | <module>            |: warning
2025-04-09 08:55:40,185 | MainThread   | [ERROR   ] | <module>            |: error
2025-04-09 08:55:40,185 | MainThread   | [CRITICAL] | <module>            |: critical
2025-04-09 09:04:11,371 | MainThread   | [DEBUG   ] | __init__            |: Python Info: sys.version_info(major=3, minor=13, micro=2, releaselevel='final', serial=0)
2025-04-09 09:04:11,371 | MainThread   | [DEBUG   ] | __init__            |: System Info: Windows-11-10.0.26100-SP0
2025-04-09 09:04:11,372 | MainThread   | [INFO    ] | _connect            |: Looking for Artemis Nano Peripheral Device: c0:c3:e4:25:23:51
2025-04-09 09:04:20,148 | MainThread   | [DEBUG   ] | <module>            |: debug
2025-04-09 09:04:20,149 | MainThread   | [INFO    ] | <module>            |: info
2025-04-09 09:04:20,150 | MainThread   | [WARNING ] | <module>            |: warning
2025-04-09 09:04:20,151 | MainThread   | [ERROR   ] | <module>            |: error
2025-04-09 09:04:20,152 | MainThread   | [CRITICAL] | <module>            |: critical
2025-04-09 09:04:22,384 | MainThread   | [INFO    ] | _connect            |: Looking for Artemis Nano Peripheral Device: c0:c3:e4:25:23:51
2025-04-09 09:09:25,049 | MainThread   | [DEBUG   ] | <module>            |: debug
2025-04-09 09:09:25,049 | MainThread   | [INFO    ] | <module>            |: info
2025-04-09 09:09:25,051 | MainThread   | [WARNING ] | <module>            |: warning
2025-04-09 09:09:25,052 | MainThread   | [ERROR   ] | <module>            |: error
2025-04-09 09:09:25,053 | MainThread   | [CRITICAL] | <module>            |: critical
2025-04-09 09:09:27,297 | MainThread   | [DEBUG   ] | __init__            |: Python Info: sys.version_info(major=3, minor=13, micro=2, releaselevel='final', serial=0)
2025-04-09 09:09:27,297 | MainThread   | [DEBUG   ] | __init__            |: System Info: Windows-11-10.0.26100-SP0
2025-04-09 09:09:27,297 | MainThread   | [INFO    ] | _connect            |: Looking for Artemis Nano Peripheral Device: c0:c3:e4:25:23:51
2025-04-09 09:09:32,751 | MainThread   | [INFO    ] | _connect            |: Connected to c0:c3:e4:25:23:51
2025-04-09 09:11:21,247 | MainThread   | [INFO    ] | disconnect_handler  |: Disconnected from C0:C3:E4:25:23:51
2025-04-09 09:12:21,659 | MainThread   | [INFO    ] | _connect            |: Looking for Artemis Nano Peripheral Device: c0:c3:e4:25:23:51
2025-04-09 09:12:25,704 | MainThread   | [INFO    ] | _connect            |: Connected to c0:c3:e4:25:23:51
2025-04-09 09:13:45,861 | MainThread   | [INFO    ] | disconnect_handler  |: Disconnected from C0:C3:E4:25:23:51
2025-04-09 09:15:03,472 | MainThread   | [INFO    ] | _connect            |: Looking for Artemis Nano Peripheral Device: c0:c3:e4:25:23:51
2025-04-09 09:15:07,316 | MainThread   | [INFO    ] | _connect            |: Connected to c0:c3:e4:25:23:51
2025-04-09 09:16:17,963 | MainThread   | [INFO    ] | disconnect_handler  |: Disconnected from C0:C3:E4:25:23:51
2025-04-09 09:17:31,819 | MainThread   | [INFO    ] | _connect            |: Looking for Artemis Nano Peripheral Device: c0:c3:e4:25:23:51
2025-04-09 09:17:37,860 | MainThread   | [INFO    ] | _connect            |: Connected to c0:c3:e4:25:23:51
2025-04-09 09:19:19,819 | MainThread   | [INFO    ] | disconnect_handler  |: Disconnected from C0:C3:E4:25:23:51
2025-04-09 09:19:27,081 | MainThread   | [INFO    ] | _connect            |: Looking for Artemis Nano Peripheral Device: c0:c3:e4:25:23:51
2025-04-09 09:19:31,068 | MainThread   | [INFO    ] | _connect            |: Connected to c0:c3:e4:25:23:51
2025-04-09 09:20:39,144 | MainThread   | [INFO    ] | disconnect_handler  |: Disconnected from C0:C3:E4:25:23:51
2025-04-09 09:21:19,286 | MainThread   | [INFO    ] | _connect            |: Looking for Artemis Nano Peripheral Device: c0:c3:e4:25:23:51
2025-04-09 09:21:23,150 | MainThread   | [INFO    ] | _connect            |: Connected to c0:c3:e4:25:23:51
2025-04-09 09:22:09,524 | MainThread   | [INFO    ] | disconnect_handler  |: Disconnected from C0:C3:E4:25:23:51
2025-04-09 09:23:27,780 | MainThread   | [INFO    ] | _connect            |: Looking for Artemis Nano Peripheral Device: c0:c3:e4:25:23:51
2025-04-09 09:23:31,613 | MainThread   | [INFO    ] | _connect            |: Connected to c0:c3:e4:25:23:51
2025-04-09 09:24:33,800 | MainThread   | [INFO    ] | _connect            |: Already connected to a BLE device
2025-04-09 09:24:38,907 | MainThread   | [INFO    ] | disconnect_handler  |: Disconnected from C0:C3:E4:25:23:51
2025-04-09 09:24:42,467 | MainThread   | [INFO    ] | _connect            |: Looking for Artemis Nano Peripheral Device: c0:c3:e4:25:23:51
2025-04-09 09:24:46,315 | MainThread   | [INFO    ] | _connect            |: Connected to c0:c3:e4:25:23:51
2025-04-09 09:26:37,234 | MainThread   | [INFO    ] | disconnect_handler  |: Disconnected from C0:C3:E4:25:23:51
2025-04-09 09:26:51,159 | MainThread   | [INFO    ] | _connect            |: Looking for Artemis Nano Peripheral Device: c0:c3:e4:25:23:51
2025-04-09 09:26:55,154 | MainThread   | [INFO    ] | _connect            |: Connected to c0:c3:e4:25:23:51
2025-04-09 09:28:47,677 | MainThread   | [INFO    ] | disconnect_handler  |: Disconnected from C0:C3:E4:25:23:51
2025-04-09 09:28:56,896 | MainThread   | [INFO    ] | _connect            |: Looking for Artemis Nano Peripheral Device: c0:c3:e4:25:23:51
2025-04-09 09:29:04,368 | MainThread   | [INFO    ] | _connect            |: Connected to c0:c3:e4:25:23:51
2025-04-09 09:31:15,703 | MainThread   | [INFO    ] | disconnect_handler  |: Disconnected from C0:C3:E4:25:23:51
2025-04-09 09:32:08,954 | MainThread   | [INFO    ] | _connect            |: Looking for Artemis Nano Peripheral Device: c0:c3:e4:25:23:51
2025-04-09 09:32:13,103 | MainThread   | [INFO    ] | _connect            |: Connected to c0:c3:e4:25:23:51
2025-04-09 09:35:32,810 | MainThread   | [INFO    ] | disconnect_handler  |: Disconnected from C0:C3:E4:25:23:51
2025-04-09 09:36:11,633 | MainThread   | [INFO    ] | _connect            |: Looking for Artemis Nano Peripheral Device: c0:c3:e4:25:23:51
2025-04-09 09:36:15,479 | MainThread   | [INFO    ] | _connect            |: Connected to c0:c3:e4:25:23:51
2025-04-09 09:37:40,436 | MainThread   | [INFO    ] | disconnect_handler  |: Disconnected from C0:C3:E4:25:23:51
2025-04-09 09:38:24,807 | MainThread   | [INFO    ] | _connect            |: Looking for Artemis Nano Peripheral Device: c0:c3:e4:25:23:51
2025-04-09 09:38:28,638 | MainThread   | [INFO    ] | _connect            |: Connected to c0:c3:e4:25:23:51
2025-04-09 09:40:02,997 | MainThread   | [INFO    ] | disconnect_handler  |: Disconnected from C0:C3:E4:25:23:51
2025-04-09 09:40:36,107 | MainThread   | [INFO    ] | _connect            |: Looking for Artemis Nano Peripheral Device: c0:c3:e4:25:23:51
2025-04-09 09:40:40,461 | MainThread   | [INFO    ] | _connect            |: Connected to c0:c3:e4:25:23:51
2025-04-09 10:04:33,704 | MainThread   | [INFO    ] | disconnect_handler  |: Disconnected from C0:C3:E4:25:23:51
2025-04-09 10:07:52,686 | MainThread   | [INFO    ] | _connect            |: Looking for Artemis Nano Peripheral Device: c0:c3:e4:25:23:51
2025-04-09 10:07:56,847 | MainThread   | [INFO    ] | _connect            |: Connected to c0:c3:e4:25:23:51
2025-04-09 10:08:15,008 | MainThread   | [DEBUG   ] | <module>            |: debug
2025-04-09 10:08:15,009 | MainThread   | [INFO    ] | <module>            |: info
2025-04-09 10:08:15,009 | MainThread   | [WARNING ] | <module>            |: warning
2025-04-09 10:08:15,010 | MainThread   | [ERROR   ] | <module>            |: error
2025-04-09 10:08:15,011 | MainThread   | [CRITICAL] | <module>            |: critical
2025-04-09 10:11:12,414 | MainThread   | [INFO    ] | disconnect_handler  |: Disconnected from C0:C3:E4:25:23:51
2025-04-09 10:11:57,978 | MainThread   | [INFO    ] | _connect            |: Looking for Artemis Nano Peripheral Device: c0:c3:e4:25:23:51
2025-04-09 10:12:01,879 | MainThread   | [INFO    ] | _connect            |: Connected to c0:c3:e4:25:23:51
2025-04-09 10:17:30,965 | MainThread   | [INFO    ] | disconnect_handler  |: Disconnected from C0:C3:E4:25:23:51
2025-04-09 10:18:22,832 | MainThread   | [INFO    ] | _connect            |: Looking for Artemis Nano Peripheral Device: c0:c3:e4:25:23:51
2025-04-09 10:18:26,745 | MainThread   | [INFO    ] | _connect            |: Connected to c0:c3:e4:25:23:51
2025-04-09 10:26:38,599 | MainThread   | [INFO    ] | disconnect_handler  |: Disconnected from C0:C3:E4:25:23:51
2025-04-09 10:35:42,385 | MainThread   | [INFO    ] | _connect            |: Looking for Artemis Nano Peripheral Device: c0:c3:e4:25:23:51
2025-04-09 10:35:46,695 | MainThread   | [INFO    ] | _connect            |: Connected to c0:c3:e4:25:23:51
2025-04-09 10:35:50,445 | MainThread   | [INFO    ] | disconnect_handler  |: Disconnected from C0:C3:E4:25:23:51
2025-04-09 10:36:06,815 | MainThread   | [INFO    ] | _connect            |: Looking for Artemis Nano Peripheral Device: c0:c3:e4:25:23:51
2025-04-09 10:38:21,299 | MainThread   | [DEBUG   ] | <module>            |: debug
2025-04-09 10:38:21,300 | MainThread   | [INFO    ] | <module>            |: info
2025-04-09 10:38:21,302 | MainThread   | [WARNING ] | <module>            |: warning
2025-04-09 10:38:21,303 | MainThread   | [ERROR   ] | <module>            |: error
2025-04-09 10:38:21,305 | MainThread   | [CRITICAL] | <module>            |: critical
2025-04-09 10:38:24,277 | MainThread   | [DEBUG   ] | __init__            |: Python Info: sys.version_info(major=3, minor=13, micro=2, releaselevel='final', serial=0)
2025-04-09 10:38:24,277 | MainThread   | [DEBUG   ] | __init__            |: System Info: Windows-11-10.0.26100-SP0
2025-04-09 10:38:24,277 | MainThread   | [INFO    ] | _connect            |: Looking for Artemis Nano Peripheral Device: c0:c3:e4:25:23:51
2025-04-09 10:38:31,572 | MainThread   | [INFO    ] | _connect            |: Connected to c0:c3:e4:25:23:51
2025-04-09 10:40:42,882 | MainThread   | [INFO    ] | disconnect_handler  |: Disconnected from C0:C3:E4:25:23:51
2025-04-09 10:40:44,131 | MainThread   | [INFO    ] | _connect            |: Looking for Artemis Nano Peripheral Device: c0:c3:e4:25:23:51
2025-04-09 10:40:52,121 | MainThread   | [INFO    ] | _connect            |: Connected to c0:c3:e4:25:23:51
2025-04-09 10:44:42,443 | MainThread   | [INFO    ] | _connect            |: Already connected to a BLE device
2025-04-09 10:44:43,456 | MainThread   | [INFO    ] | disconnect_handler  |: Disconnected from C0:C3:E4:25:23:51
2025-04-09 10:44:49,147 | MainThread   | [INFO    ] | _connect            |: Looking for Artemis Nano Peripheral Device: c0:c3:e4:25:23:51
2025-04-09 10:44:54,839 | MainThread   | [INFO    ] | _connect            |: Connected to c0:c3:e4:25:23:51
2025-04-09 10:48:27,302 | MainThread   | [INFO    ] | disconnect_handler  |: Disconnected from C0:C3:E4:25:23:51
2025-04-09 10:48:36,514 | MainThread   | [INFO    ] | _connect            |: Looking for Artemis Nano Peripheral Device: c0:c3:e4:25:23:51
2025-04-09 10:48:41,474 | MainThread   | [INFO    ] | _connect            |: Connected to c0:c3:e4:25:23:51
2025-04-09 10:50:05,789 | MainThread   | [INFO    ] | _connect            |: Already connected to a BLE device
2025-04-09 10:53:06,188 | MainThread   | [INFO    ] | _connect            |: Already connected to a BLE device
2025-04-09 10:53:08,417 | MainThread   | [INFO    ] | disconnect_handler  |: Disconnected from C0:C3:E4:25:23:51
2025-04-09 10:53:09,273 | MainThread   | [INFO    ] | _connect            |: Looking for Artemis Nano Peripheral Device: c0:c3:e4:25:23:51
2025-04-09 10:53:17,293 | MainThread   | [INFO    ] | _connect            |: Connected to c0:c3:e4:25:23:51
2025-04-09 10:58:05,558 | MainThread   | [INFO    ] | _connect            |: Already connected to a BLE device
2025-04-09 10:58:06,727 | MainThread   | [INFO    ] | disconnect_handler  |: Disconnected from C0:C3:E4:25:23:51
2025-04-09 10:58:11,524 | MainThread   | [INFO    ] | _connect            |: Looking for Artemis Nano Peripheral Device: c0:c3:e4:25:23:51
2025-04-09 10:58:15,765 | MainThread   | [INFO    ] | _connect            |: Connected to c0:c3:e4:25:23:51
2025-04-09 10:58:33,484 | MainThread   | [INFO    ] | disconnect_handler  |: Disconnected from C0:C3:E4:25:23:51
2025-04-09 10:58:34,883 | MainThread   | [INFO    ] | _connect            |: Looking for Artemis Nano Peripheral Device: c0:c3:e4:25:23:51
2025-04-09 10:58:38,746 | MainThread   | [INFO    ] | _connect            |: Connected to c0:c3:e4:25:23:51
2025-04-09 11:01:33,535 | MainThread   | [INFO    ] | disconnect_handler  |: Disconnected from C0:C3:E4:25:23:51
2025-04-09 11:01:57,430 | MainThread   | [INFO    ] | _connect            |: Looking for Artemis Nano Peripheral Device: c0:c3:e4:25:23:51
2025-04-09 11:02:01,480 | MainThread   | [INFO    ] | _connect            |: Connected to c0:c3:e4:25:23:51
2025-04-09 12:49:02,135 | MainThread   | [INFO    ] | disconnect_handler  |: Disconnected from C0:C3:E4:25:23:51
2025-04-09 13:13:53,463 | MainThread   | [DEBUG   ] | <module>            |: debug
2025-04-09 13:13:53,464 | MainThread   | [INFO    ] | <module>            |: info
2025-04-09 13:13:53,465 | MainThread   | [WARNING ] | <module>            |: warning
2025-04-09 13:13:53,467 | MainThread   | [ERROR   ] | <module>            |: error
2025-04-09 13:13:53,468 | MainThread   | [CRITICAL] | <module>            |: critical
2025-04-09 13:13:56,047 | MainThread   | [DEBUG   ] | __init__            |: Python Info: sys.version_info(major=3, minor=13, micro=2, releaselevel='final', serial=0)
2025-04-09 13:13:56,047 | MainThread   | [DEBUG   ] | __init__            |: System Info: Windows-11-10.0.26100-SP0
2025-04-09 13:13:56,047 | MainThread   | [INFO    ] | _connect            |: Looking for Artemis Nano Peripheral Device: c0:c3:e4:25:23:51
2025-04-09 13:14:01,186 | MainThread   | [INFO    ] | _connect            |: Connected to c0:c3:e4:25:23:51
2025-04-09 13:26:13,110 | MainThread   | [INFO    ] | disconnect_handler  |: Disconnected from C0:C3:E4:25:23:51
2025-04-09 13:26:21,912 | MainThread   | [INFO    ] | _connect            |: Looking for Artemis Nano Peripheral Device: c0:c3:e4:25:23:51
2025-04-09 13:26:26,067 | MainThread   | [INFO    ] | _connect            |: Connected to c0:c3:e4:25:23:51
2025-04-09 13:31:27,006 | MainThread   | [INFO    ] | disconnect_handler  |: Disconnected from C0:C3:E4:25:23:51
2025-04-09 13:32:25,353 | MainThread   | [INFO    ] | _connect            |: Looking for Artemis Nano Peripheral Device: c0:c3:e4:25:23:51
2025-04-09 13:32:29,553 | MainThread   | [INFO    ] | _connect            |: Connected to c0:c3:e4:25:23:51
2025-04-09 13:37:02,415 | MainThread   | [INFO    ] | disconnect_handler  |: Disconnected from C0:C3:E4:25:23:51
2025-04-09 13:37:59,364 | MainThread   | [INFO    ] | _connect            |: Looking for Artemis Nano Peripheral Device: c0:c3:e4:25:23:51
2025-04-09 13:38:03,604 | MainThread   | [INFO    ] | _connect            |: Connected to c0:c3:e4:25:23:51
2025-04-09 13:41:12,689 | MainThread   | [INFO    ] | disconnect_handler  |: Disconnected from C0:C3:E4:25:23:51
2025-04-09 13:41:18,903 | MainThread   | [INFO    ] | _connect            |: Looking for Artemis Nano Peripheral Device: c0:c3:e4:25:23:51
2025-04-09 13:41:28,312 | MainThread   | [INFO    ] | _connect            |: Connected to c0:c3:e4:25:23:51
2025-04-09 13:44:28,415 | MainThread   | [INFO    ] | disconnect_handler  |: Disconnected from C0:C3:E4:25:23:51
2025-04-09 13:45:02,948 | MainThread   | [INFO    ] | _connect            |: Looking for Artemis Nano Peripheral Device: c0:c3:e4:25:23:51
2025-04-09 13:45:07,008 | MainThread   | [INFO    ] | _connect            |: Connected to c0:c3:e4:25:23:51
2025-04-09 13:47:04,165 | MainThread   | [INFO    ] | disconnect_handler  |: Disconnected from C0:C3:E4:25:23:51
2025-04-09 13:48:10,757 | MainThread   | [INFO    ] | _connect            |: Looking for Artemis Nano Peripheral Device: c0:c3:e4:25:23:51
2025-04-09 13:48:15,037 | MainThread   | [INFO    ] | _connect            |: Connected to c0:c3:e4:25:23:51
2025-04-09 13:48:58,106 | MainThread   | [INFO    ] | disconnect_handler  |: Disconnected from C0:C3:E4:25:23:51
2025-04-09 13:50:01,496 | MainThread   | [INFO    ] | _connect            |: Looking for Artemis Nano Peripheral Device: c0:c3:e4:25:23:51
2025-04-09 13:50:06,001 | MainThread   | [INFO    ] | _connect            |: Connected to c0:c3:e4:25:23:51
2025-04-09 13:58:27,335 | MainThread   | [INFO    ] | disconnect_handler  |: Disconnected from C0:C3:E4:25:23:51
2025-04-09 14:00:41,610 | MainThread   | [INFO    ] | _connect            |: Looking for Artemis Nano Peripheral Device: c0:c3:e4:25:23:51
2025-04-09 14:00:45,915 | MainThread   | [INFO    ] | _connect            |: Connected to c0:c3:e4:25:23:51
2025-04-09 14:02:55,253 | MainThread   | [INFO    ] | disconnect_handler  |: Disconnected from C0:C3:E4:25:23:51
2025-04-09 14:08:20,768 | MainThread   | [INFO    ] | _connect            |: Looking for Artemis Nano Peripheral Device: c0:c3:e4:25:23:51
2025-04-09 14:12:41,042 | MainThread   | [DEBUG   ] | <module>            |: debug
2025-04-09 14:12:41,043 | MainThread   | [INFO    ] | <module>            |: info
2025-04-09 14:12:41,044 | MainThread   | [WARNING ] | <module>            |: warning
2025-04-09 14:12:41,045 | MainThread   | [ERROR   ] | <module>            |: error
2025-04-09 14:12:41,046 | MainThread   | [CRITICAL] | <module>            |: critical
2025-04-09 14:12:52,892 | MainThread   | [DEBUG   ] | __init__            |: Python Info: sys.version_info(major=3, minor=13, micro=2, releaselevel='final', serial=0)
2025-04-09 14:12:52,892 | MainThread   | [DEBUG   ] | __init__            |: System Info: Windows-11-10.0.26100-SP0
2025-04-09 14:12:52,893 | MainThread   | [INFO    ] | _connect            |: Looking for Artemis Nano Peripheral Device: c0:c3:e4:25:23:51
2025-04-09 14:12:57,409 | MainThread   | [INFO    ] | _connect            |: Connected to c0:c3:e4:25:23:51
2025-04-09 14:15:03,595 | MainThread   | [INFO    ] | _connect            |: Already connected to a BLE device
2025-04-09 14:15:30,555 | MainThread   | [INFO    ] | _connect            |: Already connected to a BLE device
2025-04-09 14:15:35,572 | MainThread   | [INFO    ] | disconnect_handler  |: Disconnected from C0:C3:E4:25:23:51
2025-04-09 14:15:36,720 | MainThread   | [INFO    ] | _connect            |: Looking for Artemis Nano Peripheral Device: c0:c3:e4:25:23:51
2025-04-09 14:15:40,978 | MainThread   | [INFO    ] | _connect            |: Connected to c0:c3:e4:25:23:51
2025-04-09 14:18:08,379 | MainThread   | [INFO    ] | disconnect_handler  |: Disconnected from C0:C3:E4:25:23:51
2025-04-09 14:21:41,653 | MainThread   | [DEBUG   ] | <module>            |: debug
2025-04-09 14:21:41,654 | MainThread   | [INFO    ] | <module>            |: info
2025-04-09 14:21:41,655 | MainThread   | [WARNING ] | <module>            |: warning
2025-04-09 14:21:41,657 | MainThread   | [ERROR   ] | <module>            |: error
2025-04-09 14:21:41,658 | MainThread   | [CRITICAL] | <module>            |: critical
2025-04-09 14:21:44,625 | MainThread   | [DEBUG   ] | __init__            |: Python Info: sys.version_info(major=3, minor=13, micro=2, releaselevel='final', serial=0)
2025-04-09 14:21:44,625 | MainThread   | [DEBUG   ] | __init__            |: System Info: Windows-11-10.0.26100-SP0
2025-04-09 14:21:44,626 | MainThread   | [INFO    ] | _connect            |: Looking for Artemis Nano Peripheral Device: c0:c3:e4:25:23:51
2025-04-09 14:21:49,035 | MainThread   | [INFO    ] | _connect            |: Connected to c0:c3:e4:25:23:51
2025-04-09 14:24:25,690 | MainThread   | [INFO    ] | disconnect_handler  |: Disconnected from C0:C3:E4:25:23:51
2025-04-09 14:30:07,610 | MainThread   | [DEBUG   ] | <module>            |: debug
2025-04-09 14:30:07,611 | MainThread   | [INFO    ] | <module>            |: info
2025-04-09 14:30:07,614 | MainThread   | [WARNING ] | <module>            |: warning
2025-04-09 14:30:07,617 | MainThread   | [ERROR   ] | <module>            |: error
2025-04-09 14:30:07,618 | MainThread   | [CRITICAL] | <module>            |: critical
2025-04-09 14:30:12,156 | MainThread   | [DEBUG   ] | __init__            |: Python Info: sys.version_info(major=3, minor=13, micro=2, releaselevel='final', serial=0)
2025-04-09 14:30:12,156 | MainThread   | [DEBUG   ] | __init__            |: System Info: Windows-11-10.0.26100-SP0
2025-04-09 14:30:12,157 | MainThread   | [INFO    ] | _connect            |: Looking for Artemis Nano Peripheral Device: c0:c3:e4:25:23:51
2025-04-09 14:30:18,732 | MainThread   | [INFO    ] | _connect            |: Connected to c0:c3:e4:25:23:51
2025-04-09 14:32:29,475 | MainThread   | [INFO    ] | disconnect_handler  |: Disconnected from C0:C3:E4:25:23:51
2025-04-09 14:39:42,094 | MainThread   | [INFO    ] | _connect            |: Looking for Artemis Nano Peripheral Device: c0:c3:e4:25:23:51
2025-04-09 14:39:45,991 | MainThread   | [INFO    ] | _connect            |: Connected to c0:c3:e4:25:23:51
2025-04-09 14:40:25,866 | MainThread   | [INFO    ] | _connect            |: Already connected to a BLE device
2025-04-09 14:40:26,877 | MainThread   | [INFO    ] | disconnect_handler  |: Disconnected from C0:C3:E4:25:23:51
2025-04-09 14:40:35,003 | MainThread   | [INFO    ] | _connect            |: Looking for Artemis Nano Peripheral Device: c0:c3:e4:25:23:51
2025-04-09 14:40:38,815 | MainThread   | [INFO    ] | _connect            |: Connected to c0:c3:e4:25:23:51
2025-04-09 14:41:55,113 | MainThread   | [INFO    ] | disconnect_handler  |: Disconnected from C0:C3:E4:25:23:51
2025-04-09 14:42:29,932 | MainThread   | [INFO    ] | _connect            |: Looking for Artemis Nano Peripheral Device: c0:c3:e4:25:23:51
2025-04-09 14:42:34,110 | MainThread   | [INFO    ] | _connect            |: Connected to c0:c3:e4:25:23:51
2025-04-09 14:42:43,432 | MainThread   | [INFO    ] | disconnect_handler  |: Disconnected from C0:C3:E4:25:23:51
2025-04-09 14:46:09,194 | MainThread   | [DEBUG   ] | <module>            |: debug
2025-04-09 14:46:09,195 | MainThread   | [INFO    ] | <module>            |: info
2025-04-09 14:46:09,197 | MainThread   | [WARNING ] | <module>            |: warning
2025-04-09 14:46:09,198 | MainThread   | [ERROR   ] | <module>            |: error
2025-04-09 14:46:09,199 | MainThread   | [CRITICAL] | <module>            |: critical
2025-04-09 14:46:11,564 | MainThread   | [DEBUG   ] | __init__            |: Python Info: sys.version_info(major=3, minor=13, micro=2, releaselevel='final', serial=0)
2025-04-09 14:46:11,564 | MainThread   | [DEBUG   ] | __init__            |: System Info: Windows-11-10.0.26100-SP0
2025-04-09 14:46:11,564 | MainThread   | [INFO    ] | _connect            |: Looking for Artemis Nano Peripheral Device: c0:c3:e4:25:23:51
2025-04-09 14:46:19,290 | MainThread   | [INFO    ] | _connect            |: Connected to c0:c3:e4:25:23:51
2025-04-09 14:51:33,642 | MainThread   | [INFO    ] | disconnect_handler  |: Disconnected from C0:C3:E4:25:23:51
2025-04-09 14:51:40,008 | MainThread   | [INFO    ] | _connect            |: Looking for Artemis Nano Peripheral Device: c0:c3:e4:25:23:51
2025-04-09 14:51:43,959 | MainThread   | [INFO    ] | _connect            |: Connected to c0:c3:e4:25:23:51
2025-04-09 14:51:57,609 | MainThread   | [INFO    ] | disconnect_handler  |: Disconnected from C0:C3:E4:25:23:51
2025-04-09 14:53:53,823 | MainThread   | [DEBUG   ] | <module>            |: debug
2025-04-09 14:53:53,824 | MainThread   | [INFO    ] | <module>            |: info
2025-04-09 14:53:53,825 | MainThread   | [WARNING ] | <module>            |: warning
2025-04-09 14:53:53,826 | MainThread   | [ERROR   ] | <module>            |: error
2025-04-09 14:53:53,827 | MainThread   | [CRITICAL] | <module>            |: critical
2025-04-09 14:54:04,955 | MainThread   | [DEBUG   ] | __init__            |: Python Info: sys.version_info(major=3, minor=13, micro=2, releaselevel='final', serial=0)
2025-04-09 14:54:04,955 | MainThread   | [DEBUG   ] | __init__            |: System Info: Windows-11-10.0.26100-SP0
2025-04-09 14:54:04,956 | MainThread   | [INFO    ] | _connect            |: Looking for Artemis Nano Peripheral Device: c0:c3:e4:25:23:51
2025-04-09 14:54:09,368 | MainThread   | [INFO    ] | _connect            |: Connected to c0:c3:e4:25:23:51
2025-04-09 14:56:36,434 | MainThread   | [INFO    ] | disconnect_handler  |: Disconnected from C0:C3:E4:25:23:51
2025-04-09 14:56:44,145 | MainThread   | [INFO    ] | _connect            |: Looking for Artemis Nano Peripheral Device: c0:c3:e4:25:23:51
2025-04-09 14:56:48,281 | MainThread   | [INFO    ] | _connect            |: Connected to c0:c3:e4:25:23:51
2025-04-09 14:58:03,554 | MainThread   | [INFO    ] | disconnect_handler  |: Disconnected from C0:C3:E4:25:23:51
2025-04-09 14:59:46,691 | MainThread   | [INFO    ] | _connect            |: Looking for Artemis Nano Peripheral Device: c0:c3:e4:25:23:51
2025-04-09 14:59:50,883 | MainThread   | [INFO    ] | _connect            |: Connected to c0:c3:e4:25:23:51
2025-04-09 15:04:00,864 | MainThread   | [INFO    ] | disconnect_handler  |: Disconnected from C0:C3:E4:25:23:51
2025-04-09 15:17:15,659 | MainThread   | [INFO    ] | _connect            |: Looking for Artemis Nano Peripheral Device: c0:c3:e4:25:23:51
2025-04-09 15:17:19,786 | MainThread   | [INFO    ] | _connect            |: Connected to c0:c3:e4:25:23:51
2025-04-09 15:18:46,446 | MainThread   | [INFO    ] | _connect            |: Already connected to a BLE device
2025-04-09 15:18:51,852 | MainThread   | [INFO    ] | disconnect_handler  |: Disconnected from C0:C3:E4:25:23:51
2025-04-09 15:18:52,493 | MainThread   | [INFO    ] | _connect            |: Looking for Artemis Nano Peripheral Device: c0:c3:e4:25:23:51
2025-04-09 15:18:56,792 | MainThread   | [INFO    ] | _connect            |: Connected to c0:c3:e4:25:23:51
2025-04-09 15:21:16,618 | MainThread   | [INFO    ] | disconnect_handler  |: Disconnected from C0:C3:E4:25:23:51
2025-04-09 15:21:29,033 | MainThread   | [INFO    ] | _connect            |: Looking for Artemis Nano Peripheral Device: c0:c3:e4:25:23:51
2025-04-09 15:21:33,346 | MainThread   | [INFO    ] | _connect            |: Connected to c0:c3:e4:25:23:51
2025-04-09 15:23:55,979 | MainThread   | [INFO    ] | disconnect_handler  |: Disconnected from C0:C3:E4:25:23:51
2025-04-09 15:24:38,672 | MainThread   | [INFO    ] | _connect            |: Looking for Artemis Nano Peripheral Device: c0:c3:e4:25:23:51
2025-04-09 15:24:45,821 | MainThread   | [INFO    ] | _connect            |: Connected to c0:c3:e4:25:23:51
2025-04-09 15:27:00,026 | MainThread   | [INFO    ] | disconnect_handler  |: Disconnected from C0:C3:E4:25:23:51
2025-04-09 15:28:18,424 | MainThread   | [INFO    ] | _connect            |: Looking for Artemis Nano Peripheral Device: c0:c3:e4:25:23:51
2025-04-09 15:28:22,232 | MainThread   | [INFO    ] | _connect            |: Connected to c0:c3:e4:25:23:51
2025-04-09 15:28:28,146 | MainThread   | [INFO    ] | disconnect_handler  |: Disconnected from C0:C3:E4:25:23:51
2025-04-09 15:28:31,275 | MainThread   | [INFO    ] | _connect            |: Looking for Artemis Nano Peripheral Device: c0:c3:e4:25:23:51
2025-04-09 15:28:35,192 | MainThread   | [INFO    ] | _connect            |: Connected to c0:c3:e4:25:23:51
2025-04-09 15:32:38,187 | MainThread   | [INFO    ] | disconnect_handler  |: Disconnected from C0:C3:E4:25:23:51
2025-04-09 15:32:40,748 | MainThread   | [INFO    ] | _connect            |: Looking for Artemis Nano Peripheral Device: c0:c3:e4:25:23:51
2025-04-09 15:32:45,624 | MainThread   | [INFO    ] | _connect            |: Connected to c0:c3:e4:25:23:51
2025-04-09 15:38:13,736 | MainThread   | [INFO    ] | _connect            |: Already connected to a BLE device
2025-04-09 15:38:16,622 | MainThread   | [INFO    ] | _connect            |: Already connected to a BLE device
2025-04-09 15:38:17,627 | MainThread   | [INFO    ] | disconnect_handler  |: Disconnected from C0:C3:E4:25:23:51
2025-04-09 15:38:21,334 | MainThread   | [INFO    ] | _connect            |: Looking for Artemis Nano Peripheral Device: c0:c3:e4:25:23:51
2025-04-09 15:38:25,816 | MainThread   | [INFO    ] | _connect            |: Connected to c0:c3:e4:25:23:51
2025-04-09 15:42:13,498 | MainThread   | [INFO    ] | disconnect_handler  |: Disconnected from C0:C3:E4:25:23:51
2025-04-09 15:42:14,027 | MainThread   | [INFO    ] | _connect            |: Looking for Artemis Nano Peripheral Device: c0:c3:e4:25:23:51
2025-04-09 15:42:18,802 | MainThread   | [INFO    ] | _connect            |: Connected to c0:c3:e4:25:23:51
2025-04-09 15:45:51,869 | MainThread   | [INFO    ] | _connect            |: Already connected to a BLE device
2025-04-09 15:45:54,011 | MainThread   | [INFO    ] | _connect            |: Already connected to a BLE device
2025-04-09 15:45:55,017 | MainThread   | [INFO    ] | disconnect_handler  |: Disconnected from C0:C3:E4:25:23:51
2025-04-09 15:45:56,718 | MainThread   | [INFO    ] | _connect            |: Looking for Artemis Nano Peripheral Device: c0:c3:e4:25:23:51
2025-04-09 15:46:04,874 | MainThread   | [INFO    ] | _connect            |: Connected to c0:c3:e4:25:23:51
2025-04-09 15:53:32,877 | MainThread   | [INFO    ] | disconnect_handler  |: Disconnected from C0:C3:E4:25:23:51
2025-04-11 13:04:54,899 | MainThread   | [DEBUG   ] | <module>            |: debug
2025-04-11 13:04:54,900 | MainThread   | [INFO    ] | <module>            |: info
2025-04-11 13:04:54,903 | MainThread   | [WARNING ] | <module>            |: warning
2025-04-11 13:04:54,906 | MainThread   | [ERROR   ] | <module>            |: error
2025-04-11 13:04:54,909 | MainThread   | [CRITICAL] | <module>            |: critical
2025-04-11 13:04:57,391 | MainThread   | [DEBUG   ] | __init__            |: Python Info: sys.version_info(major=3, minor=13, micro=3, releaselevel='final', serial=0)
2025-04-11 13:04:57,391 | MainThread   | [DEBUG   ] | __init__            |: System Info: Windows-11-10.0.26100-SP0
2025-04-11 13:04:57,392 | MainThread   | [INFO    ] | _connect            |: Looking for Artemis Nano Peripheral Device: c0:c3:e4:25:23:51
2025-04-11 13:05:02,187 | MainThread   | [INFO    ] | _connect            |: Connected to c0:c3:e4:25:23:51
2025-04-11 13:06:28,258 | MainThread   | [DEBUG   ] | <module>            |: debug
2025-04-11 13:06:28,259 | MainThread   | [INFO    ] | <module>            |: info
2025-04-11 13:06:28,262 | MainThread   | [WARNING ] | <module>            |: warning
2025-04-11 13:06:28,265 | MainThread   | [ERROR   ] | <module>            |: error
2025-04-11 13:06:28,267 | MainThread   | [CRITICAL] | <module>            |: critical
2025-04-11 13:06:30,599 | MainThread   | [DEBUG   ] | __init__            |: Python Info: sys.version_info(major=3, minor=13, micro=3, releaselevel='final', serial=0)
2025-04-11 13:06:30,599 | MainThread   | [DEBUG   ] | __init__            |: System Info: Windows-11-10.0.26100-SP0
2025-04-11 13:06:30,600 | MainThread   | [INFO    ] | _connect            |: Looking for Artemis Nano Peripheral Device: c0:c3:e4:25:23:51
2025-04-11 13:06:35,040 | MainThread   | [INFO    ] | _connect            |: Connected to c0:c3:e4:25:23:51
2025-04-11 13:08:04,189 | MainThread   | [INFO    ] | disconnect_handler  |: Disconnected from C0:C3:E4:25:23:51
2025-04-11 13:13:10,581 | MainThread   | [DEBUG   ] | <module>            |: debug
2025-04-11 13:13:10,581 | MainThread   | [INFO    ] | <module>            |: info
2025-04-11 13:13:10,583 | MainThread   | [WARNING ] | <module>            |: warning
2025-04-11 13:13:10,584 | MainThread   | [ERROR   ] | <module>            |: error
2025-04-11 13:13:10,585 | MainThread   | [CRITICAL] | <module>            |: critical
2025-04-11 13:13:12,353 | MainThread   | [INFO    ] | _connect            |: Looking for Artemis Nano Peripheral Device: c0:c3:e4:25:23:51
2025-04-11 13:13:17,962 | MainThread   | [INFO    ] | _connect            |: Connected to c0:c3:e4:25:23:51
2025-04-11 13:14:53,352 | MainThread   | [INFO    ] | disconnect_handler  |: Disconnected from C0:C3:E4:25:23:51
2025-04-11 13:14:54,718 | MainThread   | [INFO    ] | _connect            |: Looking for Artemis Nano Peripheral Device: c0:c3:e4:25:23:51
2025-04-11 13:14:58,930 | MainThread   | [INFO    ] | _connect            |: Connected to c0:c3:e4:25:23:51
2025-04-11 13:22:07,811 | MainThread   | [INFO    ] | _connect            |: Already connected to a BLE device
2025-04-11 13:22:10,728 | MainThread   | [INFO    ] | disconnect_handler  |: Disconnected from C0:C3:E4:25:23:51
2025-04-11 13:22:22,061 | MainThread   | [INFO    ] | _connect            |: Looking for Artemis Nano Peripheral Device: c0:c3:e4:25:23:51
2025-04-11 13:22:26,709 | MainThread   | [INFO    ] | _connect            |: Connected to c0:c3:e4:25:23:51
2025-04-11 13:29:29,858 | MainThread   | [INFO    ] | disconnect_handler  |: Disconnected from C0:C3:E4:25:23:51
2025-04-11 13:29:31,273 | MainThread   | [INFO    ] | _connect            |: Looking for Artemis Nano Peripheral Device: c0:c3:e4:25:23:51
2025-04-11 13:29:35,568 | MainThread   | [INFO    ] | _connect            |: Connected to c0:c3:e4:25:23:51
2025-04-11 13:33:42,964 | MainThread   | [INFO    ] | _connect            |: Already connected to a BLE device
2025-04-11 13:33:45,959 | MainThread   | [INFO    ] | disconnect_handler  |: Disconnected from C0:C3:E4:25:23:51
2025-04-11 13:33:47,001 | MainThread   | [INFO    ] | _connect            |: Looking for Artemis Nano Peripheral Device: c0:c3:e4:25:23:51
2025-04-11 13:33:53,110 | MainThread   | [INFO    ] | _connect            |: Connected to c0:c3:e4:25:23:51
2025-04-11 13:37:22,867 | MainThread   | [INFO    ] | disconnect_handler  |: Disconnected from C0:C3:E4:25:23:51
2025-04-11 13:37:25,506 | MainThread   | [INFO    ] | _connect            |: Looking for Artemis Nano Peripheral Device: c0:c3:e4:25:23:51
2025-04-11 13:37:29,761 | MainThread   | [INFO    ] | _connect            |: Connected to c0:c3:e4:25:23:51
2025-04-11 13:41:26,426 | MainThread   | [INFO    ] | disconnect_handler  |: Disconnected from C0:C3:E4:25:23:51
2025-04-11 13:50:54,870 | MainThread   | [INFO    ] | _connect            |: Looking for Artemis Nano Peripheral Device: c0:c3:e4:25:23:51
2025-04-11 13:50:58,807 | MainThread   | [INFO    ] | _connect            |: Connected to c0:c3:e4:25:23:51
2025-04-11 13:57:10,749 | MainThread   | [INFO    ] | disconnect_handler  |: Disconnected from C0:C3:E4:25:23:51
2025-04-11 14:11:04,907 | MainThread   | [INFO    ] | _connect            |: Looking for Artemis Nano Peripheral Device: c0:c3:e4:25:23:51
2025-04-11 14:11:08,800 | MainThread   | [INFO    ] | _connect            |: Connected to c0:c3:e4:25:23:51
2025-04-11 14:14:39,096 | MainThread   | [INFO    ] | disconnect_handler  |: Disconnected from C0:C3:E4:25:23:51
2025-04-11 14:27:18,970 | MainThread   | [INFO    ] | _connect            |: Looking for Artemis Nano Peripheral Device: c0:c3:e4:25:23:51
2025-04-11 14:27:23,302 | MainThread   | [INFO    ] | _connect            |: Connected to c0:c3:e4:25:23:51
2025-04-11 14:29:14,003 | MainThread   | [INFO    ] | disconnect_handler  |: Disconnected from C0:C3:E4:25:23:51
2025-04-11 14:31:45,263 | MainThread   | [INFO    ] | _connect            |: Looking for Artemis Nano Peripheral Device: c0:c3:e4:25:23:51
2025-04-11 14:31:49,396 | MainThread   | [INFO    ] | _connect            |: Connected to c0:c3:e4:25:23:51
2025-04-11 14:34:08,001 | MainThread   | [INFO    ] | disconnect_handler  |: Disconnected from C0:C3:E4:25:23:51
2025-04-11 16:18:52,673 | MainThread   | [INFO    ] | _connect            |: Looking for Artemis Nano Peripheral Device: c0:c3:e4:25:23:51
2025-04-11 16:20:40,567 | MainThread   | [DEBUG   ] | <module>            |: debug
2025-04-11 16:20:40,568 | MainThread   | [INFO    ] | <module>            |: info
2025-04-11 16:20:40,570 | MainThread   | [WARNING ] | <module>            |: warning
2025-04-11 16:20:40,571 | MainThread   | [ERROR   ] | <module>            |: error
2025-04-11 16:20:40,572 | MainThread   | [CRITICAL] | <module>            |: critical
2025-04-11 16:20:41,836 | MainThread   | [DEBUG   ] | __init__            |: Python Info: sys.version_info(major=3, minor=13, micro=3, releaselevel='final', serial=0)
2025-04-11 16:20:41,837 | MainThread   | [DEBUG   ] | __init__            |: System Info: Windows-11-10.0.26100-SP0
2025-04-11 16:20:41,838 | MainThread   | [INFO    ] | _connect            |: Looking for Artemis Nano Peripheral Device: c0:c3:e4:25:23:51
2025-04-11 16:20:46,172 | MainThread   | [INFO    ] | _connect            |: Connected to c0:c3:e4:25:23:51
2025-04-11 16:22:40,440 | MainThread   | [INFO    ] | disconnect_handler  |: Disconnected from C0:C3:E4:25:23:51
2025-04-11 16:23:09,735 | MainThread   | [INFO    ] | _connect            |: Looking for Artemis Nano Peripheral Device: c0:c3:e4:25:23:51
2025-04-11 16:23:13,864 | MainThread   | [INFO    ] | _connect            |: Connected to c0:c3:e4:25:23:51
2025-04-11 16:28:11,971 | MainThread   | [INFO    ] | disconnect_handler  |: Disconnected from C0:C3:E4:25:23:51
2025-04-11 16:28:31,025 | MainThread   | [INFO    ] | _connect            |: Looking for Artemis Nano Peripheral Device: c0:c3:e4:25:23:51
2025-04-11 16:28:35,233 | MainThread   | [INFO    ] | _connect            |: Connected to c0:c3:e4:25:23:51
2025-04-11 16:29:20,466 | MainThread   | [INFO    ] | _connect            |: Already connected to a BLE device
2025-04-11 16:29:22,798 | MainThread   | [INFO    ] | disconnect_handler  |: Disconnected from C0:C3:E4:25:23:51
2025-04-11 16:29:23,420 | MainThread   | [INFO    ] | _connect            |: Looking for Artemis Nano Peripheral Device: c0:c3:e4:25:23:51
2025-04-11 16:29:30,007 | MainThread   | [INFO    ] | _connect            |: Connected to c0:c3:e4:25:23:51
2025-04-11 16:30:03,538 | MainThread   | [INFO    ] | disconnect_handler  |: Disconnected from C0:C3:E4:25:23:51
2025-04-11 16:30:03,759 | MainThread   | [INFO    ] | _connect            |: Looking for Artemis Nano Peripheral Device: c0:c3:e4:25:23:51
2025-04-11 16:30:07,965 | MainThread   | [INFO    ] | _connect            |: Connected to c0:c3:e4:25:23:51
2025-04-11 16:31:37,452 | MainThread   | [INFO    ] | disconnect_handler  |: Disconnected from C0:C3:E4:25:23:51
2025-04-11 16:32:16,052 | MainThread   | [INFO    ] | _connect            |: Looking for Artemis Nano Peripheral Device: c0:c3:e4:25:23:51
2025-04-11 16:35:22,304 | MainThread   | [DEBUG   ] | <module>            |: debug
2025-04-11 16:35:22,305 | MainThread   | [INFO    ] | <module>            |: info
2025-04-11 16:35:22,306 | MainThread   | [WARNING ] | <module>            |: warning
2025-04-11 16:35:22,308 | MainThread   | [ERROR   ] | <module>            |: error
2025-04-11 16:35:22,309 | MainThread   | [CRITICAL] | <module>            |: critical
2025-04-11 16:35:25,139 | MainThread   | [DEBUG   ] | __init__            |: Python Info: sys.version_info(major=3, minor=13, micro=3, releaselevel='final', serial=0)
2025-04-11 16:35:25,139 | MainThread   | [DEBUG   ] | __init__            |: System Info: Windows-11-10.0.26100-SP0
2025-04-11 16:35:25,139 | MainThread   | [INFO    ] | _connect            |: Looking for Artemis Nano Peripheral Device: c0:c3:e4:25:23:51
2025-04-11 16:38:03,310 | MainThread   | [DEBUG   ] | <module>            |: debug
2025-04-11 16:38:03,310 | MainThread   | [INFO    ] | <module>            |: info
2025-04-11 16:38:03,312 | MainThread   | [WARNING ] | <module>            |: warning
2025-04-11 16:38:03,313 | MainThread   | [ERROR   ] | <module>            |: error
2025-04-11 16:38:03,314 | MainThread   | [CRITICAL] | <module>            |: critical
2025-04-11 16:38:04,895 | MainThread   | [DEBUG   ] | __init__            |: Python Info: sys.version_info(major=3, minor=13, micro=3, releaselevel='final', serial=0)
2025-04-11 16:38:04,895 | MainThread   | [DEBUG   ] | __init__            |: System Info: Windows-11-10.0.26100-SP0
2025-04-11 16:38:04,895 | MainThread   | [INFO    ] | _connect            |: Looking for Artemis Nano Peripheral Device: c0:c3:e4:25:23:51
2025-04-11 16:38:09,207 | MainThread   | [INFO    ] | _connect            |: Connected to c0:c3:e4:25:23:51
2025-04-11 16:39:15,507 | MainThread   | [INFO    ] | disconnect_handler  |: Disconnected from C0:C3:E4:25:23:51
2025-04-11 16:39:38,386 | MainThread   | [INFO    ] | _connect            |: Looking for Artemis Nano Peripheral Device: c0:c3:e4:25:23:51
2025-04-11 16:39:42,252 | MainThread   | [INFO    ] | _connect            |: Connected to c0:c3:e4:25:23:51
2025-04-11 16:40:48,809 | MainThread   | [INFO    ] | disconnect_handler  |: Disconnected from C0:C3:E4:25:23:51
2025-04-11 16:43:06,467 | MainThread   | [INFO    ] | _connect            |: Looking for Artemis Nano Peripheral Device: c0:c3:e4:25:23:51
2025-04-11 16:43:10,905 | MainThread   | [INFO    ] | _connect            |: Connected to c0:c3:e4:25:23:51
2025-04-11 16:43:28,773 | MainThread   | [INFO    ] | disconnect_handler  |: Disconnected from C0:C3:E4:25:23:51
2025-04-11 16:43:34,413 | MainThread   | [INFO    ] | _connect            |: Looking for Artemis Nano Peripheral Device: c0:c3:e4:25:23:51
2025-04-11 16:43:45,925 | MainThread   | [INFO    ] | _connect            |: Connected to c0:c3:e4:25:23:51
2025-04-11 16:44:37,116 | MainThread   | [INFO    ] | disconnect_handler  |: Disconnected from C0:C3:E4:25:23:51
2025-04-11 16:44:49,111 | MainThread   | [INFO    ] | _connect            |: Looking for Artemis Nano Peripheral Device: c0:c3:e4:25:23:51
2025-04-11 16:44:56,766 | MainThread   | [INFO    ] | _connect            |: Connected to c0:c3:e4:25:23:51
2025-04-11 16:45:35,500 | MainThread   | [INFO    ] | disconnect_handler  |: Disconnected from C0:C3:E4:25:23:51
2025-04-11 16:45:43,018 | MainThread   | [INFO    ] | _connect            |: Looking for Artemis Nano Peripheral Device: c0:c3:e4:25:23:51
2025-04-11 16:45:50,879 | MainThread   | [INFO    ] | _connect            |: Connected to c0:c3:e4:25:23:51
2025-04-11 16:46:41,083 | MainThread   | [INFO    ] | disconnect_handler  |: Disconnected from C0:C3:E4:25:23:51
2025-04-11 16:46:47,818 | MainThread   | [INFO    ] | _connect            |: Looking for Artemis Nano Peripheral Device: c0:c3:e4:25:23:51
2025-04-11 16:46:54,466 | MainThread   | [INFO    ] | _connect            |: Connected to c0:c3:e4:25:23:51
2025-04-11 16:47:50,325 | MainThread   | [INFO    ] | disconnect_handler  |: Disconnected from C0:C3:E4:25:23:51
2025-04-11 16:48:05,501 | MainThread   | [INFO    ] | _connect            |: Looking for Artemis Nano Peripheral Device: c0:c3:e4:25:23:51
2025-04-11 16:48:09,610 | MainThread   | [INFO    ] | _connect            |: Connected to c0:c3:e4:25:23:51
2025-04-11 16:48:39,164 | MainThread   | [INFO    ] | disconnect_handler  |: Disconnected from C0:C3:E4:25:23:51
2025-04-11 16:48:43,447 | MainThread   | [INFO    ] | _connect            |: Looking for Artemis Nano Peripheral Device: c0:c3:e4:25:23:51
2025-04-11 16:48:53,136 | MainThread   | [INFO    ] | _connect            |: Connected to c0:c3:e4:25:23:51
2025-04-11 16:54:26,520 | MainThread   | [INFO    ] | disconnect_handler  |: Disconnected from C0:C3:E4:25:23:51
2025-04-11 16:54:37,800 | MainThread   | [INFO    ] | _connect            |: Looking for Artemis Nano Peripheral Device: c0:c3:e4:25:23:51
2025-04-11 16:54:42,923 | MainThread   | [INFO    ] | _connect            |: Connected to c0:c3:e4:25:23:51
2025-04-11 16:58:55,022 | MainThread   | [INFO    ] | disconnect_handler  |: Disconnected from C0:C3:E4:25:23:51
2025-04-11 16:59:05,346 | MainThread   | [INFO    ] | _connect            |: Looking for Artemis Nano Peripheral Device: c0:c3:e4:25:23:51
2025-04-11 16:59:12,474 | MainThread   | [INFO    ] | _connect            |: Connected to c0:c3:e4:25:23:51
2025-04-11 17:07:11,961 | MainThread   | [INFO    ] | disconnect_handler  |: Disconnected from C0:C3:E4:25:23:51
2025-04-11 17:07:21,643 | MainThread   | [INFO    ] | _connect            |: Looking for Artemis Nano Peripheral Device: c0:c3:e4:25:23:51
2025-04-11 17:07:26,928 | MainThread   | [INFO    ] | _connect            |: Connected to c0:c3:e4:25:23:51
2025-04-11 17:12:01,225 | MainThread   | [INFO    ] | disconnect_handler  |: Disconnected from C0:C3:E4:25:23:51
2025-04-11 17:12:07,267 | MainThread   | [INFO    ] | _connect            |: Looking for Artemis Nano Peripheral Device: c0:c3:e4:25:23:51
2025-04-11 17:12:14,974 | MainThread   | [INFO    ] | _connect            |: Connected to c0:c3:e4:25:23:51
2025-04-11 17:15:55,355 | MainThread   | [INFO    ] | disconnect_handler  |: Disconnected from C0:C3:E4:25:23:51
2025-04-11 17:15:55,476 | MainThread   | [INFO    ] | _connect            |: Looking for Artemis Nano Peripheral Device: c0:c3:e4:25:23:51
2025-04-11 17:15:59,920 | MainThread   | [INFO    ] | _connect            |: Connected to c0:c3:e4:25:23:51
2025-04-11 17:21:08,866 | MainThread   | [INFO    ] | disconnect_handler  |: Disconnected from C0:C3:E4:25:23:51
2025-04-11 17:21:21,987 | MainThread   | [INFO    ] | _connect            |: Looking for Artemis Nano Peripheral Device: c0:c3:e4:25:23:51
2025-04-11 17:21:26,451 | MainThread   | [INFO    ] | _connect            |: Connected to c0:c3:e4:25:23:51
2025-04-11 17:21:43,618 | MainThread   | [INFO    ] | _connect            |: Already connected to a BLE device
2025-04-11 17:21:59,806 | MainThread   | [INFO    ] | disconnect_handler  |: Disconnected from C0:C3:E4:25:23:51
2025-04-11 17:22:03,887 | MainThread   | [INFO    ] | _connect            |: Looking for Artemis Nano Peripheral Device: c0:c3:e4:25:23:51
2025-04-11 17:22:11,234 | MainThread   | [INFO    ] | _connect            |: Connected to c0:c3:e4:25:23:51
2025-04-11 17:22:36,347 | MainThread   | [INFO    ] | disconnect_handler  |: Disconnected from C0:C3:E4:25:23:51
2025-04-11 17:22:43,030 | MainThread   | [INFO    ] | _connect            |: Looking for Artemis Nano Peripheral Device: c0:c3:e4:25:23:51
2025-04-11 17:22:49,688 | MainThread   | [INFO    ] | _connect            |: Connected to c0:c3:e4:25:23:51
2025-04-11 17:28:37,256 | MainThread   | [INFO    ] | disconnect_handler  |: Disconnected from C0:C3:E4:25:23:51
2025-04-11 17:28:46,458 | MainThread   | [INFO    ] | _connect            |: Looking for Artemis Nano Peripheral Device: c0:c3:e4:25:23:51
2025-04-11 17:28:51,829 | MainThread   | [INFO    ] | _connect            |: Connected to c0:c3:e4:25:23:51
2025-04-11 17:29:19,558 | MainThread   | [INFO    ] | disconnect_handler  |: Disconnected from C0:C3:E4:25:23:51
2025-04-11 17:29:39,504 | MainThread   | [INFO    ] | _connect            |: Looking for Artemis Nano Peripheral Device: c0:c3:e4:25:23:51
2025-04-11 17:29:44,464 | MainThread   | [INFO    ] | _connect            |: Connected to c0:c3:e4:25:23:51
2025-04-11 17:30:07,471 | MainThread   | [INFO    ] | _connect            |: Already connected to a BLE device
2025-04-11 17:30:12,597 | MainThread   | [INFO    ] | disconnect_handler  |: Disconnected from C0:C3:E4:25:23:51
2025-04-11 17:30:33,384 | MainThread   | [INFO    ] | _connect            |: Looking for Artemis Nano Peripheral Device: c0:c3:e4:25:23:51
2025-04-11 17:30:38,728 | MainThread   | [INFO    ] | _connect            |: Connected to c0:c3:e4:25:23:51
2025-04-11 21:49:20,895 | MainThread   | [DEBUG   ] | <module>            |: debug
2025-04-11 21:49:20,895 | MainThread   | [INFO    ] | <module>            |: info
2025-04-11 21:49:20,895 | MainThread   | [WARNING ] | <module>            |: warning
2025-04-11 21:49:20,896 | MainThread   | [ERROR   ] | <module>            |: error
2025-04-11 21:49:20,897 | MainThread   | [CRITICAL] | <module>            |: critical
