2025-04-23 12:06:43,344 | MainThread   | [DEBUG   ] | __init__            |: Python Info: sys.version_info(major=3, minor=13, micro=3, releaselevel='final', serial=0)
2025-04-23 12:06:43,344 | MainThread   | [DEBUG   ] | __init__            |: System Info: Windows-11-10.0.26100-SP0
2025-04-23 12:06:43,345 | MainThread   | [INFO    ] | _connect            |: Looking for Artemis Nano Peripheral Device: c0:c3:e4:25:23:51
2025-04-23 12:06:47,487 | MainThread   | [INFO    ] | _connect            |: Connected to c0:c3:e4:25:23:51
2025-04-23 12:16:52,607 | MainThread   | [DEBUG   ] | __init__            |: Python Info: sys.version_info(major=3, minor=13, micro=3, releaselevel='final', serial=0)
2025-04-23 12:16:52,607 | MainThread   | [DEBUG   ] | __init__            |: System Info: Windows-11-10.0.26100-SP0
2025-04-23 12:16:52,608 | MainThread   | [INFO    ] | _connect            |: Looking for Artemis Nano Peripheral Device: c0:c3:e4:25:23:51
2025-04-23 12:17:11,909 | MainThread   | [INFO    ] | _connect            |: Looking for Artemis Nano Peripheral Device: c0:c3:e4:25:23:51
2025-04-23 12:17:45,671 | MainThread   | [INFO    ] | _connect            |: Looking for Artemis Nano Peripheral Device: c0:c3:e4:25:23:51
2025-04-23 12:17:50,773 | MainThread   | [INFO    ] | _connect            |: Connected to c0:c3:e4:25:23:51
2025-04-23 12:20:01,255 | MainThread   | [INFO    ] | _connect            |: Already connected to a BLE device
2025-04-23 12:20:03,773 | MainThread   | [INFO    ] | disconnect_handler  |: Disconnected from C0:C3:E4:25:23:51
2025-04-23 12:20:04,759 | MainThread   | [INFO    ] | _connect            |: Looking for Artemis Nano Peripheral Device: c0:c3:e4:25:23:51
2025-04-23 12:20:09,417 | MainThread   | [INFO    ] | _connect            |: Connected to c0:c3:e4:25:23:51
2025-04-23 12:24:38,215 | MainThread   | [INFO    ] | _connect            |: Already connected to a BLE device
2025-04-23 12:24:42,000 | MainThread   | [INFO    ] | disconnect_handler  |: Disconnected from C0:C3:E4:25:23:51
2025-04-23 12:24:42,960 | MainThread   | [INFO    ] | _connect            |: Looking for Artemis Nano Peripheral Device: c0:c3:e4:25:23:51
2025-04-23 12:24:47,652 | MainThread   | [INFO    ] | _connect            |: Connected to c0:c3:e4:25:23:51
2025-04-23 12:29:45,950 | MainThread   | [INFO    ] | disconnect_handler  |: Disconnected from C0:C3:E4:25:23:51
2025-04-23 12:29:45,953 | MainThread   | [INFO    ] | _connect            |: Looking for Artemis Nano Peripheral Device: c0:c3:e4:25:23:51
2025-04-23 12:29:50,163 | MainThread   | [INFO    ] | _connect            |: Connected to c0:c3:e4:25:23:51
2025-04-23 12:33:39,247 | MainThread   | [INFO    ] | disconnect_handler  |: Disconnected from C0:C3:E4:25:23:51
2025-04-23 12:33:40,801 | MainThread   | [INFO    ] | _connect            |: Looking for Artemis Nano Peripheral Device: c0:c3:e4:25:23:51
2025-04-23 12:33:45,170 | MainThread   | [INFO    ] | _connect            |: Connected to c0:c3:e4:25:23:51
2025-04-23 12:36:39,490 | MainThread   | [INFO    ] | disconnect_handler  |: Disconnected from C0:C3:E4:25:23:51
2025-04-23 12:36:47,184 | MainThread   | [INFO    ] | _connect            |: Looking for Artemis Nano Peripheral Device: c0:c3:e4:25:23:51
2025-04-23 12:36:51,444 | MainThread   | [INFO    ] | _connect            |: Connected to c0:c3:e4:25:23:51
2025-04-23 12:38:41,826 | MainThread   | [INFO    ] | _connect            |: Already connected to a BLE device
2025-04-23 12:38:43,874 | MainThread   | [INFO    ] | disconnect_handler  |: Disconnected from C0:C3:E4:25:23:51
2025-04-23 12:38:44,651 | MainThread   | [INFO    ] | _connect            |: Looking for Artemis Nano Peripheral Device: c0:c3:e4:25:23:51
2025-04-23 12:38:48,790 | MainThread   | [INFO    ] | _connect            |: Connected to c0:c3:e4:25:23:51
2025-04-23 12:39:46,214 | MainThread   | [INFO    ] | disconnect_handler  |: Disconnected from C0:C3:E4:25:23:51
2025-04-23 12:45:53,100 | MainThread   | [INFO    ] | _connect            |: Looking for Artemis Nano Peripheral Device: c0:c3:e4:25:23:51
2025-04-23 12:45:57,228 | MainThread   | [INFO    ] | _connect            |: Connected to c0:c3:e4:25:23:51
2025-04-23 12:47:40,206 | MainThread   | [INFO    ] | _connect            |: Already connected to a BLE device
2025-04-23 12:47:41,210 | MainThread   | [INFO    ] | disconnect_handler  |: Disconnected from C0:C3:E4:25:23:51
2025-04-23 12:47:43,573 | MainThread   | [INFO    ] | _connect            |: Looking for Artemis Nano Peripheral Device: c0:c3:e4:25:23:51
2025-04-23 12:47:47,691 | MainThread   | [INFO    ] | _connect            |: Connected to c0:c3:e4:25:23:51
2025-04-23 12:49:54,806 | MainThread   | [INFO    ] | disconnect_handler  |: Disconnected from C0:C3:E4:25:23:51
2025-04-23 12:49:56,339 | MainThread   | [INFO    ] | _connect            |: Looking for Artemis Nano Peripheral Device: c0:c3:e4:25:23:51
2025-04-23 12:50:00,653 | MainThread   | [INFO    ] | _connect            |: Connected to c0:c3:e4:25:23:51
2025-04-23 12:52:17,064 | MainThread   | [INFO    ] | _connect            |: Already connected to a BLE device
2025-04-23 12:52:20,548 | MainThread   | [INFO    ] | disconnect_handler  |: Disconnected from C0:C3:E4:25:23:51
2025-04-23 12:52:21,247 | MainThread   | [INFO    ] | _connect            |: Looking for Artemis Nano Peripheral Device: c0:c3:e4:25:23:51
2025-04-23 12:52:27,101 | MainThread   | [INFO    ] | _connect            |: Connected to c0:c3:e4:25:23:51
2025-04-23 12:54:33,600 | MainThread   | [INFO    ] | _connect            |: Already connected to a BLE device
2025-04-23 12:54:36,034 | MainThread   | [INFO    ] | disconnect_handler  |: Disconnected from C0:C3:E4:25:23:51
2025-04-23 12:54:36,869 | MainThread   | [INFO    ] | _connect            |: Looking for Artemis Nano Peripheral Device: c0:c3:e4:25:23:51
2025-04-23 12:54:42,912 | MainThread   | [INFO    ] | _connect            |: Connected to c0:c3:e4:25:23:51
2025-04-23 12:58:06,555 | MainThread   | [INFO    ] | _connect            |: Already connected to a BLE device
2025-04-23 12:58:22,236 | MainThread   | [INFO    ] | disconnect_handler  |: Disconnected from C0:C3:E4:25:23:51
2025-04-23 12:58:30,237 | MainThread   | [INFO    ] | _connect            |: Looking for Artemis Nano Peripheral Device: c0:c3:e4:25:23:51
2025-04-23 12:58:35,011 | MainThread   | [INFO    ] | _connect            |: Connected to c0:c3:e4:25:23:51
2025-04-23 13:41:07,212 | MainThread   | [INFO    ] | disconnect_handler  |: Disconnected from C0:C3:E4:25:23:51
2025-04-24 13:21:25,663 | MainThread   | [DEBUG   ] | __init__            |: Python Info: sys.version_info(major=3, minor=13, micro=3, releaselevel='final', serial=0)
2025-04-24 13:21:25,663 | MainThread   | [DEBUG   ] | __init__            |: System Info: Windows-11-10.0.26100-SP0
2025-04-24 13:21:25,664 | MainThread   | [INFO    ] | _connect            |: Looking for Artemis Nano Peripheral Device: c0:c3:e4:25:23:51
2025-04-24 13:21:30,165 | MainThread   | [INFO    ] | _connect            |: Connected to c0:c3:e4:25:23:51
2025-04-24 13:24:02,889 | MainThread   | [INFO    ] | _connect            |: Already connected to a BLE device
2025-04-24 13:24:04,589 | MainThread   | [INFO    ] | disconnect_handler  |: Disconnected from C0:C3:E4:25:23:51
2025-04-24 13:24:06,435 | MainThread   | [INFO    ] | _connect            |: Looking for Artemis Nano Peripheral Device: c0:c3:e4:25:23:51
2025-04-24 13:24:10,724 | MainThread   | [INFO    ] | _connect            |: Connected to c0:c3:e4:25:23:51
2025-04-24 13:29:34,759 | MainThread   | [INFO    ] | _connect            |: Already connected to a BLE device
2025-04-24 13:29:35,971 | MainThread   | [INFO    ] | disconnect_handler  |: Disconnected from C0:C3:E4:25:23:51
2025-04-24 13:29:36,747 | MainThread   | [INFO    ] | _connect            |: Looking for Artemis Nano Peripheral Device: c0:c3:e4:25:23:51
2025-04-24 13:29:41,311 | MainThread   | [INFO    ] | _connect            |: Connected to c0:c3:e4:25:23:51
2025-04-24 13:30:57,009 | MainThread   | [INFO    ] | _connect            |: Already connected to a BLE device
2025-04-24 13:31:07,767 | MainThread   | [INFO    ] | _connect            |: Already connected to a BLE device
2025-04-24 13:31:14,613 | MainThread   | [INFO    ] | disconnect_handler  |: Disconnected from C0:C3:E4:25:23:51
2025-04-24 13:31:17,763 | MainThread   | [INFO    ] | _connect            |: Looking for Artemis Nano Peripheral Device: c0:c3:e4:25:23:51
2025-04-24 13:31:22,157 | MainThread   | [INFO    ] | _connect            |: Connected to c0:c3:e4:25:23:51
2025-04-24 13:31:56,852 | MainThread   | [INFO    ] | disconnect_handler  |: Disconnected from C0:C3:E4:25:23:51
2025-04-24 13:32:34,611 | MainThread   | [INFO    ] | _connect            |: Looking for Artemis Nano Peripheral Device: c0:c3:e4:25:23:51
2025-04-24 13:32:38,612 | MainThread   | [INFO    ] | _connect            |: Connected to c0:c3:e4:25:23:51
2025-04-24 13:33:21,393 | MainThread   | [INFO    ] | disconnect_handler  |: Disconnected from C0:C3:E4:25:23:51
2025-04-24 13:33:24,624 | MainThread   | [INFO    ] | _connect            |: Looking for Artemis Nano Peripheral Device: c0:c3:e4:25:23:51
2025-04-24 13:33:28,967 | MainThread   | [INFO    ] | _connect            |: Connected to c0:c3:e4:25:23:51
2025-04-24 13:35:40,535 | MainThread   | [INFO    ] | _connect            |: Already connected to a BLE device
2025-04-24 13:35:48,992 | MainThread   | [INFO    ] | _connect            |: Already connected to a BLE device
2025-04-24 13:35:51,458 | MainThread   | [INFO    ] | _connect            |: Already connected to a BLE device
2025-04-24 13:35:53,736 | MainThread   | [INFO    ] | disconnect_handler  |: Disconnected from C0:C3:E4:25:23:51
2025-04-24 13:35:55,336 | MainThread   | [INFO    ] | _connect            |: Looking for Artemis Nano Peripheral Device: c0:c3:e4:25:23:51
2025-04-24 13:36:02,102 | MainThread   | [INFO    ] | _connect            |: Connected to c0:c3:e4:25:23:51
2025-04-24 13:37:42,154 | MainThread   | [INFO    ] | disconnect_handler  |: Disconnected from C0:C3:E4:25:23:51
2025-04-24 13:38:51,946 | MainThread   | [INFO    ] | _connect            |: Looking for Artemis Nano Peripheral Device: c0:c3:e4:25:23:51
2025-04-24 13:38:55,984 | MainThread   | [INFO    ] | _connect            |: Connected to c0:c3:e4:25:23:51
2025-04-24 13:40:41,016 | MainThread   | [INFO    ] | disconnect_handler  |: Disconnected from C0:C3:E4:25:23:51
2025-04-24 13:40:44,162 | MainThread   | [INFO    ] | _connect            |: Looking for Artemis Nano Peripheral Device: c0:c3:e4:25:23:51
2025-04-24 13:40:48,784 | MainThread   | [INFO    ] | _connect            |: Connected to c0:c3:e4:25:23:51
2025-04-24 13:41:20,875 | MainThread   | [INFO    ] | _connect            |: Already connected to a BLE device
2025-04-24 13:41:34,236 | MainThread   | [INFO    ] | disconnect_handler  |: Disconnected from C0:C3:E4:25:23:51
2025-04-24 13:41:34,961 | MainThread   | [INFO    ] | _connect            |: Looking for Artemis Nano Peripheral Device: c0:c3:e4:25:23:51
2025-04-24 13:41:39,516 | MainThread   | [INFO    ] | _connect            |: Connected to c0:c3:e4:25:23:51
2025-04-24 13:42:25,836 | MainThread   | [INFO    ] | disconnect_handler  |: Disconnected from C0:C3:E4:25:23:51
2025-04-24 13:42:58,655 | MainThread   | [INFO    ] | _connect            |: Looking for Artemis Nano Peripheral Device: c0:c3:e4:25:23:51
2025-04-24 13:43:02,691 | MainThread   | [INFO    ] | _connect            |: Connected to c0:c3:e4:25:23:51
2025-04-24 13:43:48,697 | MainThread   | [INFO    ] | disconnect_handler  |: Disconnected from C0:C3:E4:25:23:51
2025-04-24 13:45:45,356 | MainThread   | [INFO    ] | _connect            |: Looking for Artemis Nano Peripheral Device: c0:c3:e4:25:23:51
2025-04-24 13:45:57,581 | MainThread   | [ERROR   ] | _connect            |: 
2025-04-24 13:45:58,583 | MainThread   | [WARNING ] | connect             |: Attempting to connect again...
2025-04-24 13:45:58,584 | MainThread   | [INFO    ] | _connect            |: Looking for Artemis Nano Peripheral Device: c0:c3:e4:25:23:51
2025-04-24 13:46:04,763 | MainThread   | [INFO    ] | _connect            |: Connected to c0:c3:e4:25:23:51
2025-04-24 13:48:26,700 | MainThread   | [INFO    ] | _connect            |: Already connected to a BLE device
2025-04-24 13:48:32,366 | MainThread   | [INFO    ] | _connect            |: Already connected to a BLE device
2025-04-24 13:48:34,001 | MainThread   | [INFO    ] | disconnect_handler  |: Disconnected from C0:C3:E4:25:23:51
2025-04-24 13:48:40,321 | MainThread   | [INFO    ] | _connect            |: Looking for Artemis Nano Peripheral Device: c0:c3:e4:25:23:51
2025-04-24 13:48:44,362 | MainThread   | [INFO    ] | _connect            |: Connected to c0:c3:e4:25:23:51
2025-04-24 13:53:27,312 | MainThread   | [INFO    ] | _connect            |: Already connected to a BLE device
2025-04-24 13:53:33,821 | MainThread   | [INFO    ] | disconnect_handler  |: Disconnected from C0:C3:E4:25:23:51
2025-04-24 13:53:34,555 | MainThread   | [INFO    ] | _connect            |: Looking for Artemis Nano Peripheral Device: c0:c3:e4:25:23:51
2025-04-24 13:53:39,212 | MainThread   | [INFO    ] | _connect            |: Connected to c0:c3:e4:25:23:51
2025-04-24 13:55:34,356 | MainThread   | [INFO    ] | _connect            |: Already connected to a BLE device
2025-04-24 13:55:37,661 | MainThread   | [INFO    ] | disconnect_handler  |: Disconnected from C0:C3:E4:25:23:51
2025-04-24 13:55:49,615 | MainThread   | [INFO    ] | _connect            |: Looking for Artemis Nano Peripheral Device: c0:c3:e4:25:23:51
2025-04-24 13:55:53,995 | MainThread   | [INFO    ] | _connect            |: Connected to c0:c3:e4:25:23:51
2025-04-24 13:56:45,401 | MainThread   | [INFO    ] | disconnect_handler  |: Disconnected from C0:C3:E4:25:23:51
2025-04-24 13:56:46,366 | MainThread   | [INFO    ] | _connect            |: Looking for Artemis Nano Peripheral Device: c0:c3:e4:25:23:51
2025-04-24 13:56:51,055 | MainThread   | [INFO    ] | _connect            |: Connected to c0:c3:e4:25:23:51
2025-04-24 13:57:40,722 | MainThread   | [INFO    ] | disconnect_handler  |: Disconnected from C0:C3:E4:25:23:51
2025-04-24 13:58:04,562 | MainThread   | [INFO    ] | _connect            |: Looking for Artemis Nano Peripheral Device: c0:c3:e4:25:23:51
2025-04-24 13:58:10,273 | MainThread   | [INFO    ] | _connect            |: Connected to c0:c3:e4:25:23:51
2025-04-24 14:04:17,986 | MainThread   | [INFO    ] | disconnect_handler  |: Disconnected from C0:C3:E4:25:23:51
2025-04-24 16:21:40,948 | MainThread   | [INFO    ] | _connect            |: Looking for Artemis Nano Peripheral Device: c0:c3:e4:25:23:51
2025-04-24 16:21:45,653 | MainThread   | [INFO    ] | _connect            |: Connected to c0:c3:e4:25:23:51
2025-04-24 16:23:49,528 | MainThread   | [INFO    ] | disconnect_handler  |: Disconnected from C0:C3:E4:25:23:51
2025-04-24 16:23:51,443 | MainThread   | [INFO    ] | _connect            |: Looking for Artemis Nano Peripheral Device: c0:c3:e4:25:23:51
2025-04-24 16:23:56,006 | MainThread   | [INFO    ] | _connect            |: Connected to c0:c3:e4:25:23:51
2025-04-24 16:25:38,277 | MainThread   | [DEBUG   ] | __init__            |: Python Info: sys.version_info(major=3, minor=13, micro=3, releaselevel='final', serial=0)
2025-04-24 16:25:38,277 | MainThread   | [DEBUG   ] | __init__            |: System Info: Windows-11-10.0.26100-SP0
2025-04-24 16:25:38,277 | MainThread   | [INFO    ] | _connect            |: Looking for Artemis Nano Peripheral Device: c0:c3:e4:25:23:51
2025-04-24 16:25:42,457 | MainThread   | [INFO    ] | _connect            |: Connected to c0:c3:e4:25:23:51
2025-04-24 16:26:27,999 | MainThread   | [INFO    ] | _connect            |: Already connected to a BLE device
2025-04-24 16:26:29,187 | MainThread   | [INFO    ] | disconnect_handler  |: Disconnected from C0:C3:E4:25:23:51
2025-04-24 16:26:30,420 | MainThread   | [INFO    ] | _connect            |: Looking for Artemis Nano Peripheral Device: c0:c3:e4:25:23:51
2025-04-24 16:26:36,642 | MainThread   | [INFO    ] | _connect            |: Connected to c0:c3:e4:25:23:51
2025-04-24 16:28:40,231 | MainThread   | [INFO    ] | disconnect_handler  |: Disconnected from C0:C3:E4:25:23:51
2025-04-24 16:28:52,232 | MainThread   | [INFO    ] | _connect            |: Looking for Artemis Nano Peripheral Device: c0:c3:e4:25:23:51
2025-04-24 16:28:56,399 | MainThread   | [INFO    ] | _connect            |: Connected to c0:c3:e4:25:23:51
2025-04-24 16:30:00,871 | MainThread   | [INFO    ] | disconnect_handler  |: Disconnected from C0:C3:E4:25:23:51
2025-04-24 16:32:36,610 | MainThread   | [INFO    ] | _connect            |: Looking for Artemis Nano Peripheral Device: c0:c3:e4:25:23:51
2025-04-24 16:32:42,409 | MainThread   | [INFO    ] | _connect            |: Connected to c0:c3:e4:25:23:51
2025-04-24 16:33:40,054 | MainThread   | [INFO    ] | disconnect_handler  |: Disconnected from C0:C3:E4:25:23:51
2025-04-24 16:33:45,924 | MainThread   | [INFO    ] | _connect            |: Looking for Artemis Nano Peripheral Device: c0:c3:e4:25:23:51
2025-04-24 16:34:12,909 | MainThread   | [INFO    ] | _connect            |: Looking for Artemis Nano Peripheral Device: c0:c3:e4:25:23:51
2025-04-24 16:34:20,976 | MainThread   | [INFO    ] | _connect            |: Connected to c0:c3:e4:25:23:51
2025-04-24 16:35:02,377 | MainThread   | [INFO    ] | disconnect_handler  |: Disconnected from C0:C3:E4:25:23:51
2025-04-24 16:35:25,519 | MainThread   | [INFO    ] | _connect            |: Looking for Artemis Nano Peripheral Device: c0:c3:e4:25:23:51
2025-04-24 16:35:30,248 | MainThread   | [INFO    ] | _connect            |: Connected to c0:c3:e4:25:23:51
2025-04-24 16:36:23,617 | MainThread   | [INFO    ] | disconnect_handler  |: Disconnected from C0:C3:E4:25:23:51
2025-04-24 16:36:40,969 | MainThread   | [INFO    ] | _connect            |: Looking for Artemis Nano Peripheral Device: c0:c3:e4:25:23:51
2025-04-24 16:36:45,743 | MainThread   | [INFO    ] | _connect            |: Connected to c0:c3:e4:25:23:51
2025-04-24 16:37:18,218 | MainThread   | [INFO    ] | disconnect_handler  |: Disconnected from C0:C3:E4:25:23:51
2025-04-24 16:37:43,590 | MainThread   | [INFO    ] | _connect            |: Looking for Artemis Nano Peripheral Device: c0:c3:e4:25:23:51
2025-04-24 16:37:48,084 | MainThread   | [INFO    ] | _connect            |: Connected to c0:c3:e4:25:23:51
2025-04-24 16:39:47,260 | MainThread   | [INFO    ] | disconnect_handler  |: Disconnected from C0:C3:E4:25:23:51
2025-04-24 16:39:56,070 | MainThread   | [INFO    ] | _connect            |: Looking for Artemis Nano Peripheral Device: c0:c3:e4:25:23:51
2025-04-24 16:40:01,917 | MainThread   | [INFO    ] | _connect            |: Connected to c0:c3:e4:25:23:51
2025-04-24 16:42:25,843 | MainThread   | [INFO    ] | disconnect_handler  |: Disconnected from C0:C3:E4:25:23:51
2025-04-24 16:42:52,643 | MainThread   | [INFO    ] | _connect            |: Looking for Artemis Nano Peripheral Device: c0:c3:e4:25:23:51
2025-04-24 16:42:56,848 | MainThread   | [INFO    ] | _connect            |: Connected to c0:c3:e4:25:23:51
2025-04-24 16:43:33,165 | MainThread   | [INFO    ] | disconnect_handler  |: Disconnected from C0:C3:E4:25:23:51
2025-04-24 16:43:45,859 | MainThread   | [INFO    ] | _connect            |: Looking for Artemis Nano Peripheral Device: c0:c3:e4:25:23:51
2025-04-24 16:43:50,296 | MainThread   | [INFO    ] | _connect            |: Connected to c0:c3:e4:25:23:51
2025-04-24 16:50:37,277 | MainThread   | [INFO    ] | _connect            |: Already connected to a BLE device
2025-04-24 16:50:42,514 | MainThread   | [INFO    ] | disconnect_handler  |: Disconnected from C0:C3:E4:25:23:51
2025-04-24 16:50:42,517 | MainThread   | [INFO    ] | disconnect_handler  |: Disconnected from C0:C3:E4:25:23:51
2025-04-24 16:50:53,344 | MainThread   | [INFO    ] | _connect            |: Looking for Artemis Nano Peripheral Device: c0:c3:e4:25:23:51
2025-04-24 16:50:57,998 | MainThread   | [INFO    ] | _connect            |: Connected to c0:c3:e4:25:23:51
2025-04-24 16:53:00,416 | MainThread   | [INFO    ] | disconnect_handler  |: Disconnected from C0:C3:E4:25:23:51
2025-04-24 16:53:08,090 | MainThread   | [INFO    ] | _connect            |: Looking for Artemis Nano Peripheral Device: c0:c3:e4:25:23:51
2025-04-24 16:53:12,880 | MainThread   | [INFO    ] | _connect            |: Connected to c0:c3:e4:25:23:51
2025-04-24 16:54:10,797 | MainThread   | [INFO    ] | disconnect_handler  |: Disconnected from C0:C3:E4:25:23:51
2025-04-24 16:54:24,974 | MainThread   | [INFO    ] | _connect            |: Looking for Artemis Nano Peripheral Device: c0:c3:e4:25:23:51
2025-04-24 16:54:29,036 | MainThread   | [INFO    ] | _connect            |: Connected to c0:c3:e4:25:23:51
2025-04-24 16:55:35,456 | MainThread   | [INFO    ] | disconnect_handler  |: Disconnected from C0:C3:E4:25:23:51
2025-04-24 16:55:57,103 | MainThread   | [INFO    ] | _connect            |: Looking for Artemis Nano Peripheral Device: c0:c3:e4:25:23:51
2025-04-24 16:56:01,737 | MainThread   | [INFO    ] | _connect            |: Connected to c0:c3:e4:25:23:51
2025-04-24 16:56:41,817 | MainThread   | [INFO    ] | disconnect_handler  |: Disconnected from C0:C3:E4:25:23:51
2025-04-24 16:56:54,454 | MainThread   | [INFO    ] | _connect            |: Looking for Artemis Nano Peripheral Device: c0:c3:e4:25:23:51
2025-04-24 16:56:58,722 | MainThread   | [INFO    ] | _connect            |: Connected to c0:c3:e4:25:23:51
2025-04-24 16:57:27,298 | MainThread   | [INFO    ] | disconnect_handler  |: Disconnected from C0:C3:E4:25:23:51
2025-04-24 16:57:50,206 | MainThread   | [INFO    ] | _connect            |: Looking for Artemis Nano Peripheral Device: c0:c3:e4:25:23:51
2025-04-24 16:57:56,220 | MainThread   | [INFO    ] | _connect            |: Connected to c0:c3:e4:25:23:51
2025-04-24 16:58:25,319 | MainThread   | [INFO    ] | disconnect_handler  |: Disconnected from C0:C3:E4:25:23:51
2025-04-24 16:58:35,155 | MainThread   | [INFO    ] | _connect            |: Looking for Artemis Nano Peripheral Device: c0:c3:e4:25:23:51
2025-04-24 16:58:43,319 | MainThread   | [INFO    ] | _connect            |: Connected to c0:c3:e4:25:23:51
2025-04-24 16:59:11,340 | MainThread   | [INFO    ] | disconnect_handler  |: Disconnected from C0:C3:E4:25:23:51
2025-04-24 16:59:46,785 | MainThread   | [INFO    ] | _connect            |: Looking for Artemis Nano Peripheral Device: c0:c3:e4:25:23:51
2025-04-24 16:59:51,825 | MainThread   | [INFO    ] | _connect            |: Connected to c0:c3:e4:25:23:51
2025-04-24 17:00:45,395 | MainThread   | [INFO    ] | _connect            |: Already connected to a BLE device
2025-04-24 17:00:50,744 | MainThread   | [INFO    ] | _connect            |: Already connected to a BLE device
2025-04-24 17:00:56,412 | MainThread   | [INFO    ] | disconnect_handler  |: Disconnected from C0:C3:E4:25:23:51
2025-04-24 17:01:04,432 | MainThread   | [INFO    ] | _connect            |: Looking for Artemis Nano Peripheral Device: c0:c3:e4:25:23:51
2025-04-24 17:01:30,226 | MainThread   | [INFO    ] | _connect            |: Looking for Artemis Nano Peripheral Device: c0:c3:e4:25:23:51
2025-04-24 17:01:34,831 | MainThread   | [INFO    ] | _connect            |: Connected to c0:c3:e4:25:23:51
2025-04-24 17:02:04,384 | MainThread   | [INFO    ] | disconnect_handler  |: Disconnected from C0:C3:E4:25:23:51
2025-04-24 17:03:16,244 | MainThread   | [INFO    ] | _connect            |: Looking for Artemis Nano Peripheral Device: c0:c3:e4:25:23:51
2025-04-24 17:03:59,809 | MainThread   | [DEBUG   ] | __init__            |: Python Info: sys.version_info(major=3, minor=13, micro=3, releaselevel='final', serial=0)
2025-04-24 17:03:59,810 | MainThread   | [DEBUG   ] | __init__            |: System Info: Windows-11-10.0.26100-SP0
2025-04-24 17:03:59,810 | MainThread   | [INFO    ] | _connect            |: Looking for Artemis Nano Peripheral Device: c0:c3:e4:25:23:51
2025-04-24 17:04:04,685 | MainThread   | [INFO    ] | _connect            |: Connected to c0:c3:e4:25:23:51
2025-04-24 17:04:43,084 | MainThread   | [INFO    ] | disconnect_handler  |: Disconnected from C0:C3:E4:25:23:51
2025-04-24 17:05:04,380 | MainThread   | [INFO    ] | _connect            |: Looking for Artemis Nano Peripheral Device: c0:c3:e4:25:23:51
2025-04-24 17:05:31,726 | MainThread   | [DEBUG   ] | __init__            |: Python Info: sys.version_info(major=3, minor=13, micro=3, releaselevel='final', serial=0)
2025-04-24 17:05:31,727 | MainThread   | [DEBUG   ] | __init__            |: System Info: Windows-11-10.0.26100-SP0
2025-04-24 17:05:31,727 | MainThread   | [INFO    ] | _connect            |: Looking for Artemis Nano Peripheral Device: c0:c3:e4:25:23:51
2025-04-24 17:05:36,382 | MainThread   | [INFO    ] | _connect            |: Connected to c0:c3:e4:25:23:51
2025-04-24 17:06:13,146 | MainThread   | [INFO    ] | disconnect_handler  |: Disconnected from C0:C3:E4:25:23:51
2025-04-24 17:06:33,187 | MainThread   | [INFO    ] | _connect            |: Looking for Artemis Nano Peripheral Device: c0:c3:e4:25:23:51
2025-04-24 17:06:37,341 | MainThread   | [INFO    ] | _connect            |: Connected to c0:c3:e4:25:23:51
2025-04-24 17:07:06,369 | MainThread   | [INFO    ] | disconnect_handler  |: Disconnected from C0:C3:E4:25:23:51
2025-04-24 17:07:57,590 | MainThread   | [INFO    ] | _connect            |: Looking for Artemis Nano Peripheral Device: c0:c3:e4:25:23:51
2025-04-24 17:08:27,525 | MainThread   | [DEBUG   ] | __init__            |: Python Info: sys.version_info(major=3, minor=13, micro=3, releaselevel='final', serial=0)
2025-04-24 17:08:27,526 | MainThread   | [DEBUG   ] | __init__            |: System Info: Windows-11-10.0.26100-SP0
2025-04-24 17:08:27,526 | MainThread   | [INFO    ] | _connect            |: Looking for Artemis Nano Peripheral Device: c0:c3:e4:25:23:51
2025-04-24 17:08:31,794 | MainThread   | [INFO    ] | _connect            |: Connected to c0:c3:e4:25:23:51
2025-04-24 17:08:59,888 | MainThread   | [INFO    ] | disconnect_handler  |: Disconnected from C0:C3:E4:25:23:51
2025-04-24 17:09:21,508 | MainThread   | [INFO    ] | _connect            |: Looking for Artemis Nano Peripheral Device: c0:c3:e4:25:23:51
2025-04-24 17:09:26,294 | MainThread   | [INFO    ] | _connect            |: Connected to c0:c3:e4:25:23:51
2025-04-24 17:09:58,510 | MainThread   | [INFO    ] | disconnect_handler  |: Disconnected from C0:C3:E4:25:23:51
2025-04-24 17:10:17,795 | MainThread   | [INFO    ] | _connect            |: Looking for Artemis Nano Peripheral Device: c0:c3:e4:25:23:51
2025-04-24 17:10:22,211 | MainThread   | [INFO    ] | _connect            |: Connected to c0:c3:e4:25:23:51
2025-04-24 17:10:51,730 | MainThread   | [INFO    ] | disconnect_handler  |: Disconnected from C0:C3:E4:25:23:51
2025-04-24 17:11:20,483 | MainThread   | [INFO    ] | _connect            |: Looking for Artemis Nano Peripheral Device: c0:c3:e4:25:23:51
2025-04-24 17:11:31,838 | MainThread   | [DEBUG   ] | __init__            |: Python Info: sys.version_info(major=3, minor=13, micro=3, releaselevel='final', serial=0)
2025-04-24 17:11:31,839 | MainThread   | [DEBUG   ] | __init__            |: System Info: Windows-11-10.0.26100-SP0
2025-04-24 17:11:31,839 | MainThread   | [INFO    ] | _connect            |: Looking for Artemis Nano Peripheral Device: c0:c3:e4:25:23:51
2025-04-24 17:11:36,342 | MainThread   | [INFO    ] | _connect            |: Connected to c0:c3:e4:25:23:51
2025-04-24 17:12:04,031 | MainThread   | [INFO    ] | disconnect_handler  |: Disconnected from C0:C3:E4:25:23:51
2025-04-24 17:13:48,962 | MainThread   | [DEBUG   ] | __init__            |: Python Info: sys.version_info(major=3, minor=13, micro=3, releaselevel='final', serial=0)
2025-04-24 17:13:48,962 | MainThread   | [DEBUG   ] | __init__            |: System Info: Windows-11-10.0.26100-SP0
2025-04-24 17:13:48,962 | MainThread   | [INFO    ] | _connect            |: Looking for Artemis Nano Peripheral Device: c0:c3:e4:25:23:51
2025-04-24 17:13:53,508 | MainThread   | [INFO    ] | _connect            |: Connected to c0:c3:e4:25:23:51
2025-04-24 17:14:23,414 | MainThread   | [INFO    ] | disconnect_handler  |: Disconnected from C0:C3:E4:25:23:51
2025-04-24 17:33:57,266 | MainThread   | [DEBUG   ] | __init__            |: Python Info: sys.version_info(major=3, minor=13, micro=3, releaselevel='final', serial=0)
2025-04-24 17:33:57,266 | MainThread   | [DEBUG   ] | __init__            |: System Info: Windows-11-10.0.26100-SP0
2025-04-24 17:33:57,267 | MainThread   | [INFO    ] | _connect            |: Looking for Artemis Nano Peripheral Device: c0:c3:e4:25:23:51
2025-04-24 17:34:05,064 | MainThread   | [INFO    ] | _connect            |: Connected to c0:c3:e4:25:23:51
2025-05-02 15:49:24,781 | MainThread   | [DEBUG   ] | __init__            |: Python Info: sys.version_info(major=3, minor=13, micro=3, releaselevel='final', serial=0)
2025-05-02 15:49:24,788 | MainThread   | [DEBUG   ] | __init__            |: System Info: Windows-11-10.0.26100-SP0
2025-05-02 15:49:24,789 | MainThread   | [INFO    ] | _connect            |: Looking for Artemis Nano Peripheral Device: c0:c3:e4:25:23:51
2025-05-02 15:49:29,149 | MainThread   | [INFO    ] | _connect            |: Connected to c0:c3:e4:25:23:51
2025-05-02 15:52:19,057 | MainThread   | [INFO    ] | disconnect_handler  |: Disconnected from C0:C3:E4:25:23:51
2025-05-02 15:52:48,905 | MainThread   | [INFO    ] | _connect            |: Looking for Artemis Nano Peripheral Device: c0:c3:e4:25:23:51
2025-05-02 15:52:53,500 | MainThread   | [INFO    ] | _connect            |: Connected to c0:c3:e4:25:23:51
2025-05-02 15:54:46,784 | MainThread   | [INFO    ] | disconnect_handler  |: Disconnected from C0:C3:E4:25:23:51
2025-05-02 15:56:10,465 | MainThread   | [INFO    ] | _connect            |: Looking for Artemis Nano Peripheral Device: c0:c3:e4:25:23:51
2025-05-02 15:56:15,201 | MainThread   | [INFO    ] | _connect            |: Connected to c0:c3:e4:25:23:51
2025-05-02 15:56:48,698 | MainThread   | [INFO    ] | disconnect_handler  |: Disconnected from C0:C3:E4:25:23:51
2025-05-02 15:56:59,631 | MainThread   | [INFO    ] | _connect            |: Looking for Artemis Nano Peripheral Device: c0:c3:e4:25:23:51
2025-05-02 15:57:03,818 | MainThread   | [INFO    ] | _connect            |: Connected to c0:c3:e4:25:23:51
2025-05-02 15:58:05,024 | MainThread   | [INFO    ] | disconnect_handler  |: Disconnected from C0:C3:E4:25:23:51
2025-05-02 15:59:41,187 | MainThread   | [INFO    ] | _connect            |: Looking for Artemis Nano Peripheral Device: c0:c3:e4:25:23:51
2025-05-02 15:59:45,292 | MainThread   | [INFO    ] | _connect            |: Connected to c0:c3:e4:25:23:51
2025-05-02 16:02:35,731 | MainThread   | [INFO    ] | _connect            |: Already connected to a BLE device
2025-05-02 16:04:12,044 | MainThread   | [INFO    ] | disconnect_handler  |: Disconnected from C0:C3:E4:25:23:51
2025-05-02 16:04:33,029 | MainThread   | [INFO    ] | _connect            |: Looking for Artemis Nano Peripheral Device: c0:c3:e4:25:23:51
2025-05-02 16:04:37,198 | MainThread   | [INFO    ] | _connect            |: Connected to c0:c3:e4:25:23:51
2025-05-02 16:06:37,787 | MainThread   | [INFO    ] | disconnect_handler  |: Disconnected from C0:C3:E4:25:23:51
2025-05-02 16:13:14,584 | MainThread   | [INFO    ] | _connect            |: Looking for Artemis Nano Peripheral Device: c0:c3:e4:25:23:51
2025-05-02 16:13:18,682 | MainThread   | [INFO    ] | _connect            |: Connected to c0:c3:e4:25:23:51
2025-05-02 16:14:21,534 | MainThread   | [INFO    ] | disconnect_handler  |: Disconnected from C0:C3:E4:25:23:51
2025-05-02 16:15:34,768 | MainThread   | [INFO    ] | _connect            |: Looking for Artemis Nano Peripheral Device: c0:c3:e4:25:23:51
2025-05-02 16:15:39,339 | MainThread   | [INFO    ] | _connect            |: Connected to c0:c3:e4:25:23:51
2025-05-02 16:16:16,916 | MainThread   | [INFO    ] | disconnect_handler  |: Disconnected from C0:C3:E4:25:23:51
2025-05-02 17:11:28,915 | MainThread   | [INFO    ] | _connect            |: Looking for Artemis Nano Peripheral Device: c0:c3:e4:25:23:51
2025-05-02 17:11:33,517 | MainThread   | [INFO    ] | _connect            |: Connected to c0:c3:e4:25:23:51
2025-05-02 17:13:27,677 | MainThread   | [INFO    ] | disconnect_handler  |: Disconnected from C0:C3:E4:25:23:51
2025-05-02 17:17:37,752 | MainThread   | [INFO    ] | _connect            |: Looking for Artemis Nano Peripheral Device: c0:c3:e4:25:23:51
2025-05-02 17:17:42,193 | MainThread   | [INFO    ] | _connect            |: Connected to c0:c3:e4:25:23:51
2025-05-06 15:13:04,843 | MainThread   | [DEBUG   ] | __init__            |: Python Info: sys.version_info(major=3, minor=13, micro=3, releaselevel='final', serial=0)
2025-05-06 15:13:04,844 | MainThread   | [DEBUG   ] | __init__            |: System Info: Windows-11-10.0.26100-SP0
2025-05-06 15:13:04,844 | MainThread   | [INFO    ] | _connect            |: Looking for Artemis Nano Peripheral Device: c0:c3:e4:25:23:51
2025-05-06 15:13:09,077 | MainThread   | [INFO    ] | _connect            |: Connected to c0:c3:e4:25:23:51
2025-05-06 15:13:20,070 | MainThread   | [INFO    ] | disconnect_handler  |: Disconnected from C0:C3:E4:25:23:51
2025-05-06 15:13:25,314 | MainThread   | [INFO    ] | _connect            |: Looking for Artemis Nano Peripheral Device: c0:c3:e4:25:23:51
2025-05-06 15:13:29,476 | MainThread   | [INFO    ] | _connect            |: Connected to c0:c3:e4:25:23:51
2025-05-06 15:13:58,611 | MainThread   | [INFO    ] | disconnect_handler  |: Disconnected from C0:C3:E4:25:23:51
2025-05-06 15:14:42,185 | MainThread   | [INFO    ] | _connect            |: Looking for Artemis Nano Peripheral Device: c0:c3:e4:25:23:51
2025-05-06 15:15:07,365 | MainThread   | [DEBUG   ] | __init__            |: Python Info: sys.version_info(major=3, minor=13, micro=3, releaselevel='final', serial=0)
2025-05-06 15:15:07,366 | MainThread   | [DEBUG   ] | __init__            |: System Info: Windows-11-10.0.26100-SP0
2025-05-06 15:15:07,366 | MainThread   | [INFO    ] | _connect            |: Looking for Artemis Nano Peripheral Device: c0:c3:e4:25:23:51
2025-05-06 15:17:05,412 | MainThread   | [DEBUG   ] | __init__            |: Python Info: sys.version_info(major=3, minor=13, micro=3, releaselevel='final', serial=0)
2025-05-06 15:17:05,413 | MainThread   | [DEBUG   ] | __init__            |: System Info: Windows-11-10.0.26100-SP0
2025-05-06 15:17:05,413 | MainThread   | [INFO    ] | _connect            |: Looking for Artemis Nano Peripheral Device: c0:c3:e4:25:23:51
2025-05-06 15:17:12,058 | MainThread   | [INFO    ] | _connect            |: Connected to c0:c3:e4:25:23:51
2025-05-06 15:18:12,994 | MainThread   | [INFO    ] | disconnect_handler  |: Disconnected from C0:C3:E4:25:23:51
2025-05-06 15:19:54,214 | MainThread   | [INFO    ] | _connect            |: Looking for Artemis Nano Peripheral Device: c0:c3:e4:25:23:51
2025-05-06 15:25:13,818 | MainThread   | [DEBUG   ] | __init__            |: Python Info: sys.version_info(major=3, minor=13, micro=3, releaselevel='final', serial=0)
2025-05-06 15:25:13,818 | MainThread   | [DEBUG   ] | __init__            |: System Info: Windows-11-10.0.26100-SP0
2025-05-06 15:25:13,819 | MainThread   | [INFO    ] | _connect            |: Looking for Artemis Nano Peripheral Device: c0:c3:e4:25:23:51
2025-05-06 15:25:19,056 | MainThread   | [INFO    ] | _connect            |: Connected to c0:c3:e4:25:23:51
2025-05-06 15:26:20,062 | MainThread   | [INFO    ] | disconnect_handler  |: Disconnected from C0:C3:E4:25:23:51
2025-05-06 15:43:08,198 | MainThread   | [INFO    ] | _connect            |: Looking for Artemis Nano Peripheral Device: c0:c3:e4:25:23:51
2025-05-06 15:43:25,145 | MainThread   | [INFO    ] | _connect            |: Looking for Artemis Nano Peripheral Device: c0:c3:e4:25:23:51
2025-05-06 15:43:38,584 | MainThread   | [INFO    ] | _connect            |: Looking for Artemis Nano Peripheral Device: c0:c3:e4:25:23:51
2025-05-06 15:43:48,095 | MainThread   | [INFO    ] | _connect            |: Connected to c0:c3:e4:25:23:51
2025-05-06 15:46:27,265 | MainThread   | [INFO    ] | disconnect_handler  |: Disconnected from C0:C3:E4:25:23:51
2025-05-09 12:00:37,430 | MainThread   | [DEBUG   ] | __init__            |: Python Info: sys.version_info(major=3, minor=13, micro=3, releaselevel='final', serial=0)
2025-05-09 12:00:37,431 | MainThread   | [DEBUG   ] | __init__            |: System Info: Windows-11-10.0.26100-SP0
2025-05-09 12:00:37,431 | MainThread   | [INFO    ] | _connect            |: Looking for Artemis Nano Peripheral Device: c0:c3:e4:25:23:51
2025-05-09 12:00:41,589 | MainThread   | [INFO    ] | _connect            |: Connected to c0:c3:e4:25:23:51
2025-05-09 12:04:57,027 | MainThread   | [INFO    ] | disconnect_handler  |: Disconnected from C0:C3:E4:25:23:51
2025-05-09 12:05:01,567 | MainThread   | [INFO    ] | _connect            |: Looking for Artemis Nano Peripheral Device: c0:c3:e4:25:23:51
2025-05-09 12:05:05,835 | MainThread   | [INFO    ] | _connect            |: Connected to c0:c3:e4:25:23:51
2025-05-09 12:05:45,698 | MainThread   | [INFO    ] | disconnect_handler  |: Disconnected from C0:C3:E4:25:23:51
2025-05-09 12:06:04,958 | MainThread   | [INFO    ] | _connect            |: Looking for Artemis Nano Peripheral Device: c0:c3:e4:25:23:51
2025-05-09 12:06:09,429 | MainThread   | [INFO    ] | _connect            |: Connected to c0:c3:e4:25:23:51
2025-05-09 12:09:46,429 | MainThread   | [INFO    ] | _connect            |: Already connected to a BLE device
2025-05-09 12:10:24,460 | MainThread   | [INFO    ] | disconnect_handler  |: Disconnected from C0:C3:E4:25:23:51
2025-05-09 12:11:17,201 | MainThread   | [INFO    ] | _connect            |: Looking for Artemis Nano Peripheral Device: c0:c3:e4:25:23:51
2025-05-09 12:11:22,142 | MainThread   | [INFO    ] | _connect            |: Connected to c0:c3:e4:25:23:51
2025-05-09 12:14:03,707 | MainThread   | [INFO    ] | disconnect_handler  |: Disconnected from C0:C3:E4:25:23:51
2025-05-09 12:14:25,343 | MainThread   | [INFO    ] | _connect            |: Looking for Artemis Nano Peripheral Device: c0:c3:e4:25:23:51
2025-05-09 12:14:29,664 | MainThread   | [INFO    ] | _connect            |: Connected to c0:c3:e4:25:23:51
2025-05-09 12:19:42,698 | MainThread   | [INFO    ] | disconnect_handler  |: Disconnected from C0:C3:E4:25:23:51
2025-05-09 12:20:06,336 | MainThread   | [INFO    ] | _connect            |: Looking for Artemis Nano Peripheral Device: c0:c3:e4:25:23:51
2025-05-09 12:20:10,541 | MainThread   | [INFO    ] | _connect            |: Connected to c0:c3:e4:25:23:51
2025-05-09 12:20:49,147 | MainThread   | [INFO    ] | disconnect_handler  |: Disconnected from C0:C3:E4:25:23:51
2025-05-09 12:25:22,059 | MainThread   | [DEBUG   ] | __init__            |: Python Info: sys.version_info(major=3, minor=13, micro=3, releaselevel='final', serial=0)
2025-05-09 12:25:22,061 | MainThread   | [DEBUG   ] | __init__            |: System Info: Windows-11-10.0.26100-SP0
2025-05-09 12:25:22,062 | MainThread   | [INFO    ] | _connect            |: Looking for Artemis Nano Peripheral Device: c0:c3:e4:25:23:51
2025-05-09 12:25:27,062 | MainThread   | [INFO    ] | _connect            |: Connected to c0:c3:e4:25:23:51
2025-05-09 12:29:16,867 | MainThread   | [INFO    ] | disconnect_handler  |: Disconnected from C0:C3:E4:25:23:51
2025-05-09 12:30:09,812 | MainThread   | [INFO    ] | _connect            |: Looking for Artemis Nano Peripheral Device: c0:c3:e4:25:23:51
2025-05-09 12:30:25,453 | MainThread   | [DEBUG   ] | __init__            |: Python Info: sys.version_info(major=3, minor=13, micro=3, releaselevel='final', serial=0)
2025-05-09 12:30:25,514 | MainThread   | [DEBUG   ] | __init__            |: System Info: Windows-11-10.0.26100-SP0
2025-05-09 12:30:25,515 | MainThread   | [INFO    ] | _connect            |: Looking for Artemis Nano Peripheral Device: c0:c3:e4:25:23:51
2025-05-09 12:30:30,094 | MainThread   | [INFO    ] | _connect            |: Connected to c0:c3:e4:25:23:51
2025-05-09 12:33:22,204 | MainThread   | [INFO    ] | disconnect_handler  |: Disconnected from C0:C3:E4:25:23:51
2025-05-09 13:55:49,521 | MainThread   | [INFO    ] | _connect            |: Looking for Artemis Nano Peripheral Device: c0:c3:e4:25:23:51
2025-05-09 14:00:17,093 | MainThread   | [DEBUG   ] | __init__            |: Python Info: sys.version_info(major=3, minor=13, micro=3, releaselevel='final', serial=0)
2025-05-09 14:00:17,094 | MainThread   | [DEBUG   ] | __init__            |: System Info: Windows-11-10.0.26100-SP0
2025-05-09 14:00:17,095 | MainThread   | [INFO    ] | _connect            |: Looking for Artemis Nano Peripheral Device: c0:c3:e4:25:23:51
2025-05-09 14:00:22,279 | MainThread   | [INFO    ] | _connect            |: Connected to c0:c3:e4:25:23:51
2025-05-09 14:01:36,144 | MainThread   | [INFO    ] | disconnect_handler  |: Disconnected from C0:C3:E4:25:23:51
2025-05-09 14:02:04,590 | MainThread   | [INFO    ] | _connect            |: Looking for Artemis Nano Peripheral Device: c0:c3:e4:25:23:51
2025-05-09 14:02:22,911 | MainThread   | [DEBUG   ] | __init__            |: Python Info: sys.version_info(major=3, minor=13, micro=3, releaselevel='final', serial=0)
2025-05-09 14:02:22,911 | MainThread   | [DEBUG   ] | __init__            |: System Info: Windows-11-10.0.26100-SP0
2025-05-09 14:02:22,911 | MainThread   | [INFO    ] | _connect            |: Looking for Artemis Nano Peripheral Device: c0:c3:e4:25:23:51
2025-05-09 14:02:27,802 | MainThread   | [INFO    ] | _connect            |: Connected to c0:c3:e4:25:23:51
2025-05-09 14:03:36,272 | MainThread   | [INFO    ] | disconnect_handler  |: Disconnected from C0:C3:E4:25:23:51
2025-05-09 14:03:42,758 | MainThread   | [INFO    ] | _connect            |: Looking for Artemis Nano Peripheral Device: c0:c3:e4:25:23:51
2025-05-09 14:03:46,870 | MainThread   | [INFO    ] | _connect            |: Connected to c0:c3:e4:25:23:51
2025-05-09 14:10:21,662 | MainThread   | [INFO    ] | disconnect_handler  |: Disconnected from C0:C3:E4:25:23:51
2025-05-09 14:11:00,348 | MainThread   | [INFO    ] | _connect            |: Looking for Artemis Nano Peripheral Device: c0:c3:e4:25:23:51
2025-05-09 14:11:04,461 | MainThread   | [INFO    ] | _connect            |: Connected to c0:c3:e4:25:23:51
2025-05-09 14:11:32,766 | MainThread   | [INFO    ] | disconnect_handler  |: Disconnected from C0:C3:E4:25:23:51
2025-05-09 14:11:52,602 | MainThread   | [INFO    ] | _connect            |: Looking for Artemis Nano Peripheral Device: c0:c3:e4:25:23:51
2025-05-09 14:12:05,064 | MainThread   | [DEBUG   ] | __init__            |: Python Info: sys.version_info(major=3, minor=13, micro=3, releaselevel='final', serial=0)
2025-05-09 14:12:05,064 | MainThread   | [DEBUG   ] | __init__            |: System Info: Windows-11-10.0.26100-SP0
2025-05-09 14:12:05,064 | MainThread   | [INFO    ] | _connect            |: Looking for Artemis Nano Peripheral Device: c0:c3:e4:25:23:51
2025-05-09 14:12:10,046 | MainThread   | [INFO    ] | _connect            |: Connected to c0:c3:e4:25:23:51
2025-05-09 14:12:41,704 | MainThread   | [INFO    ] | disconnect_handler  |: Disconnected from C0:C3:E4:25:23:51
2025-05-09 14:13:18,608 | MainThread   | [INFO    ] | _connect            |: Looking for Artemis Nano Peripheral Device: c0:c3:e4:25:23:51
2025-05-09 14:13:38,219 | MainThread   | [DEBUG   ] | __init__            |: Python Info: sys.version_info(major=3, minor=13, micro=3, releaselevel='final', serial=0)
2025-05-09 14:13:38,219 | MainThread   | [DEBUG   ] | __init__            |: System Info: Windows-11-10.0.26100-SP0
2025-05-09 14:13:38,220 | MainThread   | [INFO    ] | _connect            |: Looking for Artemis Nano Peripheral Device: c0:c3:e4:25:23:51
2025-05-09 14:13:42,690 | MainThread   | [INFO    ] | _connect            |: Connected to c0:c3:e4:25:23:51
2025-05-09 14:14:21,551 | MainThread   | [INFO    ] | disconnect_handler  |: Disconnected from C0:C3:E4:25:23:51
2025-05-09 14:14:32,379 | MainThread   | [INFO    ] | _connect            |: Looking for Artemis Nano Peripheral Device: c0:c3:e4:25:23:51
2025-05-09 14:14:36,271 | MainThread   | [INFO    ] | _connect            |: Connected to c0:c3:e4:25:23:51
2025-05-09 14:15:56,953 | MainThread   | [INFO    ] | disconnect_handler  |: Disconnected from C0:C3:E4:25:23:51
2025-05-09 14:16:08,778 | MainThread   | [INFO    ] | _connect            |: Looking for Artemis Nano Peripheral Device: c0:c3:e4:25:23:51
2025-05-09 14:16:12,906 | MainThread   | [INFO    ] | _connect            |: Connected to c0:c3:e4:25:23:51
2025-05-09 14:17:31,758 | MainThread   | [INFO    ] | disconnect_handler  |: Disconnected from C0:C3:E4:25:23:51
2025-05-09 14:17:51,003 | MainThread   | [INFO    ] | _connect            |: Looking for Artemis Nano Peripheral Device: c0:c3:e4:25:23:51
2025-05-09 14:17:54,985 | MainThread   | [INFO    ] | _connect            |: Connected to c0:c3:e4:25:23:51
2025-05-09 14:19:04,284 | MainThread   | [INFO    ] | disconnect_handler  |: Disconnected from C0:C3:E4:25:23:51
2025-05-09 14:19:32,262 | MainThread   | [INFO    ] | _connect            |: Looking for Artemis Nano Peripheral Device: c0:c3:e4:25:23:51
2025-05-09 14:19:36,511 | MainThread   | [INFO    ] | _connect            |: Connected to c0:c3:e4:25:23:51
2025-05-09 14:20:03,090 | MainThread   | [INFO    ] | disconnect_handler  |: Disconnected from C0:C3:E4:25:23:51
2025-05-09 14:20:23,714 | MainThread   | [INFO    ] | _connect            |: Looking for Artemis Nano Peripheral Device: c0:c3:e4:25:23:51
2025-05-09 14:20:27,963 | MainThread   | [INFO    ] | _connect            |: Connected to c0:c3:e4:25:23:51
2025-05-09 14:22:50,174 | MainThread   | [INFO    ] | disconnect_handler  |: Disconnected from C0:C3:E4:25:23:51
2025-05-09 14:23:12,798 | MainThread   | [INFO    ] | _connect            |: Looking for Artemis Nano Peripheral Device: c0:c3:e4:25:23:51
2025-05-09 14:23:16,918 | MainThread   | [INFO    ] | _connect            |: Connected to c0:c3:e4:25:23:51
2025-05-09 14:23:47,443 | MainThread   | [INFO    ] | disconnect_handler  |: Disconnected from C0:C3:E4:25:23:51
2025-05-09 14:23:57,280 | MainThread   | [INFO    ] | _connect            |: Looking for Artemis Nano Peripheral Device: c0:c3:e4:25:23:51
2025-05-09 14:24:03,584 | MainThread   | [INFO    ] | _connect            |: Connected to c0:c3:e4:25:23:51
2025-05-09 14:25:53,508 | MainThread   | [INFO    ] | disconnect_handler  |: Disconnected from C0:C3:E4:25:23:51
2025-05-09 14:26:06,848 | MainThread   | [INFO    ] | _connect            |: Looking for Artemis Nano Peripheral Device: c0:c3:e4:25:23:51
2025-05-09 14:26:11,241 | MainThread   | [INFO    ] | _connect            |: Connected to c0:c3:e4:25:23:51
2025-05-09 14:26:32,987 | MainThread   | [INFO    ] | disconnect_handler  |: Disconnected from C0:C3:E4:25:23:51
2025-05-09 14:26:44,979 | MainThread   | [INFO    ] | _connect            |: Looking for Artemis Nano Peripheral Device: c0:c3:e4:25:23:51
2025-05-09 14:26:49,177 | MainThread   | [INFO    ] | _connect            |: Connected to c0:c3:e4:25:23:51
2025-05-09 14:27:07,970 | MainThread   | [INFO    ] | disconnect_handler  |: Disconnected from C0:C3:E4:25:23:51
2025-05-09 14:27:21,827 | MainThread   | [INFO    ] | _connect            |: Looking for Artemis Nano Peripheral Device: c0:c3:e4:25:23:51
2025-05-09 14:27:25,719 | MainThread   | [INFO    ] | _connect            |: Connected to c0:c3:e4:25:23:51
2025-05-09 14:27:58,298 | MainThread   | [INFO    ] | disconnect_handler  |: Disconnected from C0:C3:E4:25:23:51
2025-05-09 14:28:23,334 | MainThread   | [INFO    ] | _connect            |: Looking for Artemis Nano Peripheral Device: c0:c3:e4:25:23:51
2025-05-09 14:28:27,162 | MainThread   | [INFO    ] | _connect            |: Connected to c0:c3:e4:25:23:51
2025-05-09 14:28:46,428 | MainThread   | [INFO    ] | disconnect_handler  |: Disconnected from C0:C3:E4:25:23:51
2025-05-09 14:28:51,118 | MainThread   | [INFO    ] | _connect            |: Looking for Artemis Nano Peripheral Device: c0:c3:e4:25:23:51
2025-05-09 14:28:58,367 | MainThread   | [INFO    ] | _connect            |: Connected to c0:c3:e4:25:23:51
2025-05-09 14:30:10,449 | MainThread   | [INFO    ] | disconnect_handler  |: Disconnected from C0:C3:E4:25:23:51
2025-05-09 14:30:43,230 | MainThread   | [INFO    ] | _connect            |: Looking for Artemis Nano Peripheral Device: c0:c3:e4:25:23:51
2025-05-09 14:30:47,120 | MainThread   | [INFO    ] | _connect            |: Connected to c0:c3:e4:25:23:51
2025-05-09 14:31:05,451 | MainThread   | [INFO    ] | disconnect_handler  |: Disconnected from C0:C3:E4:25:23:51
2025-05-09 14:31:54,243 | MainThread   | [INFO    ] | _connect            |: Looking for Artemis Nano Peripheral Device: c0:c3:e4:25:23:51
2025-05-09 14:31:58,779 | MainThread   | [INFO    ] | _connect            |: Connected to c0:c3:e4:25:23:51
2025-05-09 14:32:23,349 | MainThread   | [INFO    ] | disconnect_handler  |: Disconnected from C0:C3:E4:25:23:51
2025-05-09 14:32:24,612 | MainThread   | [INFO    ] | _connect            |: Looking for Artemis Nano Peripheral Device: c0:c3:e4:25:23:51
2025-05-09 14:32:28,660 | MainThread   | [INFO    ] | _connect            |: Connected to c0:c3:e4:25:23:51
2025-05-09 14:32:56,359 | MainThread   | [INFO    ] | disconnect_handler  |: Disconnected from C0:C3:E4:25:23:51
2025-05-09 14:33:05,093 | MainThread   | [INFO    ] | _connect            |: Looking for Artemis Nano Peripheral Device: c0:c3:e4:25:23:51
2025-05-09 14:33:08,952 | MainThread   | [INFO    ] | _connect            |: Connected to c0:c3:e4:25:23:51
2025-05-09 14:33:32,942 | MainThread   | [INFO    ] | disconnect_handler  |: Disconnected from C0:C3:E4:25:23:51
2025-05-09 14:33:42,486 | MainThread   | [INFO    ] | _connect            |: Looking for Artemis Nano Peripheral Device: c0:c3:e4:25:23:51
2025-05-09 14:33:46,664 | MainThread   | [INFO    ] | _connect            |: Connected to c0:c3:e4:25:23:51
2025-05-09 14:34:14,369 | MainThread   | [INFO    ] | disconnect_handler  |: Disconnected from C0:C3:E4:25:23:51
2025-05-09 14:35:00,210 | MainThread   | [INFO    ] | _connect            |: Looking for Artemis Nano Peripheral Device: c0:c3:e4:25:23:51
2025-05-09 14:37:50,170 | MainThread   | [DEBUG   ] | __init__            |: Python Info: sys.version_info(major=3, minor=13, micro=3, releaselevel='final', serial=0)
2025-05-09 14:37:50,171 | MainThread   | [DEBUG   ] | __init__            |: System Info: Windows-11-10.0.26100-SP0
2025-05-09 14:37:50,172 | MainThread   | [INFO    ] | _connect            |: Looking for Artemis Nano Peripheral Device: c0:c3:e4:25:23:51
2025-05-09 14:37:56,155 | MainThread   | [INFO    ] | _connect            |: Connected to c0:c3:e4:25:23:51
2025-05-09 14:39:53,265 | MainThread   | [INFO    ] | disconnect_handler  |: Disconnected from C0:C3:E4:25:23:51
2025-05-09 14:40:46,453 | MainThread   | [INFO    ] | _connect            |: Looking for Artemis Nano Peripheral Device: c0:c3:e4:25:23:51
2025-05-09 14:42:39,923 | MainThread   | [DEBUG   ] | __init__            |: Python Info: sys.version_info(major=3, minor=13, micro=3, releaselevel='final', serial=0)
2025-05-09 14:42:39,924 | MainThread   | [DEBUG   ] | __init__            |: System Info: Windows-11-10.0.26100-SP0
2025-05-09 14:42:39,924 | MainThread   | [INFO    ] | _connect            |: Looking for Artemis Nano Peripheral Device: c0:c3:e4:25:23:51
2025-05-09 14:42:44,168 | MainThread   | [INFO    ] | _connect            |: Connected to c0:c3:e4:25:23:51
2025-05-09 14:43:30,915 | MainThread   | [INFO    ] | disconnect_handler  |: Disconnected from C0:C3:E4:25:23:51
2025-05-09 14:43:42,613 | MainThread   | [INFO    ] | _connect            |: Looking for Artemis Nano Peripheral Device: c0:c3:e4:25:23:51
2025-05-09 14:43:46,614 | MainThread   | [INFO    ] | _connect            |: Connected to c0:c3:e4:25:23:51
2025-05-09 14:44:11,544 | MainThread   | [INFO    ] | disconnect_handler  |: Disconnected from C0:C3:E4:25:23:51
2025-05-09 14:44:35,296 | MainThread   | [INFO    ] | _connect            |: Looking for Artemis Nano Peripheral Device: c0:c3:e4:25:23:51
2025-05-09 14:44:51,772 | MainThread   | [DEBUG   ] | __init__            |: Python Info: sys.version_info(major=3, minor=13, micro=3, releaselevel='final', serial=0)
2025-05-09 14:44:51,773 | MainThread   | [DEBUG   ] | __init__            |: System Info: Windows-11-10.0.26100-SP0
2025-05-09 14:44:51,774 | MainThread   | [INFO    ] | _connect            |: Looking for Artemis Nano Peripheral Device: c0:c3:e4:25:23:51
2025-05-09 14:44:55,883 | MainThread   | [INFO    ] | _connect            |: Connected to c0:c3:e4:25:23:51
2025-05-09 14:45:25,594 | MainThread   | [INFO    ] | _connect            |: Already connected to a BLE device
2025-05-09 14:46:05,123 | MainThread   | [INFO    ] | disconnect_handler  |: Disconnected from C0:C3:E4:25:23:51
2025-05-09 14:46:14,595 | MainThread   | [INFO    ] | _connect            |: Looking for Artemis Nano Peripheral Device: c0:c3:e4:25:23:51
2025-05-09 14:46:18,524 | MainThread   | [INFO    ] | _connect            |: Connected to c0:c3:e4:25:23:51
2025-05-09 14:46:46,398 | MainThread   | [INFO    ] | disconnect_handler  |: Disconnected from C0:C3:E4:25:23:51
2025-05-09 14:46:54,227 | MainThread   | [INFO    ] | _connect            |: Looking for Artemis Nano Peripheral Device: c0:c3:e4:25:23:51
2025-05-09 14:46:58,514 | MainThread   | [INFO    ] | _connect            |: Connected to c0:c3:e4:25:23:51
2025-05-09 14:49:02,241 | MainThread   | [INFO    ] | disconnect_handler  |: Disconnected from C0:C3:E4:25:23:51
2025-05-09 14:49:05,217 | MainThread   | [INFO    ] | _connect            |: Looking for Artemis Nano Peripheral Device: c0:c3:e4:25:23:51
2025-05-09 14:49:09,123 | MainThread   | [INFO    ] | _connect            |: Connected to c0:c3:e4:25:23:51
2025-05-09 14:49:24,987 | MainThread   | [INFO    ] | disconnect_handler  |: Disconnected from C0:C3:E4:25:23:51
2025-05-09 14:49:26,378 | MainThread   | [INFO    ] | _connect            |: Looking for Artemis Nano Peripheral Device: c0:c3:e4:25:23:51
2025-05-09 14:49:30,483 | MainThread   | [INFO    ] | _connect            |: Connected to c0:c3:e4:25:23:51
2025-05-09 14:49:45,744 | MainThread   | [INFO    ] | disconnect_handler  |: Disconnected from C0:C3:E4:25:23:51
2025-05-09 14:49:50,785 | MainThread   | [INFO    ] | _connect            |: Looking for Artemis Nano Peripheral Device: c0:c3:e4:25:23:51
2025-05-09 14:49:55,324 | MainThread   | [INFO    ] | _connect            |: Connected to c0:c3:e4:25:23:51
2025-05-09 14:50:07,352 | MainThread   | [INFO    ] | disconnect_handler  |: Disconnected from C0:C3:E4:25:23:51
2025-05-09 14:54:06,188 | MainThread   | [DEBUG   ] | __init__            |: Python Info: sys.version_info(major=3, minor=13, micro=3, releaselevel='final', serial=0)
2025-05-09 14:54:06,197 | MainThread   | [DEBUG   ] | __init__            |: System Info: Windows-11-10.0.26100-SP0
2025-05-09 14:54:06,198 | MainThread   | [INFO    ] | _connect            |: Looking for Artemis Nano Peripheral Device: c0:c3:e4:25:23:51
2025-05-09 14:54:10,817 | MainThread   | [INFO    ] | _connect            |: Connected to c0:c3:e4:25:23:51
2025-05-09 14:57:52,496 | MainThread   | [INFO    ] | _connect            |: Already connected to a BLE device
2025-05-09 14:59:31,747 | MainThread   | [INFO    ] | disconnect_handler  |: Disconnected from C0:C3:E4:25:23:51
2025-05-09 15:00:15,398 | MainThread   | [INFO    ] | _connect            |: Looking for Artemis Nano Peripheral Device: c0:c3:e4:25:23:51
2025-05-09 15:00:19,301 | MainThread   | [INFO    ] | _connect            |: Connected to c0:c3:e4:25:23:51
2025-05-09 15:00:46,322 | MainThread   | [INFO    ] | disconnect_handler  |: Disconnected from C0:C3:E4:25:23:51
2025-05-09 15:00:55,408 | MainThread   | [INFO    ] | _connect            |: Looking for Artemis Nano Peripheral Device: c0:c3:e4:25:23:51
2025-05-09 15:01:03,448 | MainThread   | [INFO    ] | _connect            |: Connected to c0:c3:e4:25:23:51
2025-05-09 15:01:53,887 | MainThread   | [INFO    ] | disconnect_handler  |: Disconnected from C0:C3:E4:25:23:51
