2025-04-10 12:11:20,816 | MainThread   | [DEBUG   ] | run                 |: Starting Flatland
2025-04-10 12:11:21,362 | MainThread   | [DEBUG   ] | __init__            |: | Observations per loop: 18
2025-04-10 12:14:29,295 | MainThread   | [DEBUG   ] | run                 |: Exiting gracefully
2025-04-10 12:14:38,311 | MainThread   | [DEBUG   ] | run                 |: Starting Flatland
2025-04-10 12:14:38,574 | MainThread   | [DEBUG   ] | __init__            |: | Observations per loop: 18
2025-04-10 12:19:40,010 | MainThread   | [DEBUG   ] | run                 |: Starting Flatland
2025-04-10 12:19:40,429 | MainThread   | [DEBUG   ] | __init__            |: | Observations per loop: 18
2025-04-16 09:05:45,129 | MainThread   | [DEBUG   ] | run                 |: Starting Flatland
2025-04-16 09:05:45,353 | MainThread   | [DEBUG   ] | __init__            |: | Observations per loop: 18
2025-04-16 09:14:01,299 | MainThread   | [DEBUG   ] | _create_generator   |: | Executing Observation Loop at 120.000 deg/s
2025-04-16 09:14:04,140 | MainThread   | [DEBUG   ] | step                |: | Angle diff after obs loop :341.998 deg
2025-04-16 09:14:16,910 | MainThread   | [DEBUG   ] | _create_generator   |: | Executing Observation Loop at 120.000 deg/s
2025-04-16 09:14:19,760 | MainThread   | [DEBUG   ] | step                |: | Angle diff after obs loop :342.000 deg
2025-04-16 09:15:04,214 | MainThread   | [DEBUG   ] | _create_generator   |: | Executing Observation Loop at 120.000 deg/s
2025-04-16 09:15:07,056 | MainThread   | [DEBUG   ] | step                |: | Angle diff after obs loop :342.000 deg
2025-04-16 09:15:09,521 | MainThread   | [DEBUG   ] | _create_generator   |: | Executing Observation Loop at 120.000 deg/s
2025-04-16 09:15:12,367 | MainThread   | [DEBUG   ] | step                |: | Angle diff after obs loop :341.998 deg
2025-04-16 09:15:13,830 | MainThread   | [DEBUG   ] | _create_generator   |: | Executing Observation Loop at 120.000 deg/s
2025-04-16 09:15:16,668 | MainThread   | [DEBUG   ] | step                |: | Angle diff after obs loop :341.998 deg
2025-04-16 09:15:18,134 | MainThread   | [DEBUG   ] | _create_generator   |: | Executing Observation Loop at 120.000 deg/s
2025-04-16 09:15:20,976 | MainThread   | [DEBUG   ] | step                |: | Angle diff after obs loop :341.998 deg
2025-04-16 09:15:24,431 | MainThread   | [DEBUG   ] | _create_generator   |: | Executing Observation Loop at 120.000 deg/s
2025-04-16 09:15:27,273 | MainThread   | [DEBUG   ] | step                |: | Angle diff after obs loop :341.998 deg
2025-04-16 09:15:33,747 | MainThread   | [DEBUG   ] | _create_generator   |: | Executing Observation Loop at 120.000 deg/s
2025-04-16 09:15:36,574 | MainThread   | [DEBUG   ] | step                |: | Angle diff after obs loop :340.017 deg
2025-04-16 09:15:39,034 | MainThread   | [DEBUG   ] | _create_generator   |: | Executing Observation Loop at 120.000 deg/s
2025-04-16 09:15:41,870 | MainThread   | [DEBUG   ] | step                |: | Angle diff after obs loop :340.017 deg
2025-04-16 09:15:44,333 | MainThread   | [DEBUG   ] | _create_generator   |: | Executing Observation Loop at 120.000 deg/s
2025-04-16 09:15:47,155 | MainThread   | [DEBUG   ] | step                |: | Angle diff after obs loop :340.017 deg
2025-04-16 09:15:50,611 | MainThread   | [DEBUG   ] | _create_generator   |: | Executing Observation Loop at 120.000 deg/s
2025-04-16 09:15:53,429 | MainThread   | [DEBUG   ] | step                |: | Angle diff after obs loop :340.017 deg
2025-04-16 09:15:56,911 | MainThread   | [DEBUG   ] | _create_generator   |: | Executing Observation Loop at 120.000 deg/s
2025-04-16 09:15:59,735 | MainThread   | [DEBUG   ] | step                |: | Angle diff after obs loop :340.010 deg
2025-04-16 09:16:02,216 | MainThread   | [DEBUG   ] | _create_generator   |: | Executing Observation Loop at 120.000 deg/s
2025-04-16 09:16:05,048 | MainThread   | [DEBUG   ] | step                |: | Angle diff after obs loop :341.979 deg
2025-04-16 09:16:08,499 | MainThread   | [DEBUG   ] | _create_generator   |: | Executing Observation Loop at 120.000 deg/s
2025-04-16 09:16:11,343 | MainThread   | [DEBUG   ] | step                |: | Angle diff after obs loop :341.979 deg
2025-04-16 09:16:13,796 | MainThread   | [DEBUG   ] | _create_generator   |: | Executing Observation Loop at 120.000 deg/s
2025-04-16 09:16:16,636 | MainThread   | [DEBUG   ] | step                |: | Angle diff after obs loop :341.979 deg
2025-04-16 09:16:19,071 | MainThread   | [DEBUG   ] | _create_generator   |: | Executing Observation Loop at 120.000 deg/s
2025-04-16 09:16:21,909 | MainThread   | [DEBUG   ] | step                |: | Angle diff after obs loop :341.979 deg
2025-04-16 09:16:25,369 | MainThread   | [DEBUG   ] | _create_generator   |: | Executing Observation Loop at 120.000 deg/s
2025-04-16 09:16:28,210 | MainThread   | [DEBUG   ] | step                |: | Angle diff after obs loop :341.979 deg
2025-04-16 09:16:31,662 | MainThread   | [DEBUG   ] | _create_generator   |: | Executing Observation Loop at 120.000 deg/s
2025-04-16 09:16:34,508 | MainThread   | [DEBUG   ] | step                |: | Angle diff after obs loop :341.979 deg
2025-04-16 09:42:47,769 | MainThread   | [DEBUG   ] | _create_generator   |: | Executing Observation Loop at 120.000 deg/s
2025-04-16 09:42:50,611 | MainThread   | [DEBUG   ] | step                |: | Angle diff after obs loop :342.000 deg
2025-04-16 09:43:33,451 | MainThread   | [DEBUG   ] | _create_generator   |: | Executing Observation Loop at 120.000 deg/s
2025-04-16 09:43:36,282 | MainThread   | [DEBUG   ] | step                |: | Angle diff after obs loop :342.000 deg
2025-04-16 09:45:03,643 | MainThread   | [DEBUG   ] | _create_generator   |: | Executing Observation Loop at 120.000 deg/s
2025-04-16 09:45:06,469 | MainThread   | [DEBUG   ] | step                |: | Angle diff after obs loop :342.000 deg
2025-04-16 09:45:32,670 | MainThread   | [DEBUG   ] | _create_generator   |: | Executing Observation Loop at 120.000 deg/s
2025-04-16 09:45:35,498 | MainThread   | [DEBUG   ] | step                |: | Angle diff after obs loop :342.000 deg
2025-04-16 09:45:48,935 | MainThread   | [DEBUG   ] | _create_generator   |: | Executing Observation Loop at 120.000 deg/s
2025-04-16 09:45:51,767 | MainThread   | [DEBUG   ] | step                |: | Angle diff after obs loop :342.000 deg
2025-04-16 09:45:54,244 | MainThread   | [DEBUG   ] | _create_generator   |: | Executing Observation Loop at 120.000 deg/s
2025-04-16 09:45:57,065 | MainThread   | [DEBUG   ] | step                |: | Angle diff after obs loop :341.998 deg
2025-04-16 09:45:58,507 | MainThread   | [DEBUG   ] | _create_generator   |: | Executing Observation Loop at 120.000 deg/s
2025-04-16 09:46:01,332 | MainThread   | [DEBUG   ] | step                |: | Angle diff after obs loop :341.998 deg
2025-04-16 09:46:02,804 | MainThread   | [DEBUG   ] | _create_generator   |: | Executing Observation Loop at 120.000 deg/s
2025-04-16 09:46:05,633 | MainThread   | [DEBUG   ] | step                |: | Angle diff after obs loop :341.998 deg
2025-04-16 09:46:09,468 | MainThread   | [DEBUG   ] | _create_generator   |: | Executing Observation Loop at 120.000 deg/s
2025-04-16 09:46:12,306 | MainThread   | [DEBUG   ] | step                |: | Angle diff after obs loop :341.998 deg
2025-04-16 09:46:18,733 | MainThread   | [DEBUG   ] | _create_generator   |: | Executing Observation Loop at 120.000 deg/s
2025-04-16 09:46:27,035 | MainThread   | [DEBUG   ] | step                |: | Angle diff after obs loop :340.221 deg
2025-04-16 09:46:29,472 | MainThread   | [DEBUG   ] | _create_generator   |: | Executing Observation Loop at 120.000 deg/s
2025-04-16 09:46:32,280 | MainThread   | [DEBUG   ] | step                |: | Angle diff after obs loop :340.017 deg
2025-04-16 09:46:34,721 | MainThread   | [DEBUG   ] | _create_generator   |: | Executing Observation Loop at 120.000 deg/s
2025-04-16 09:46:39,410 | MainThread   | [DEBUG   ] | step                |: | Angle diff after obs loop :340.309 deg
2025-04-16 09:46:42,851 | MainThread   | [DEBUG   ] | _create_generator   |: | Executing Observation Loop at 120.000 deg/s
2025-04-16 09:46:45,659 | MainThread   | [DEBUG   ] | step                |: | Angle diff after obs loop :340.017 deg
2025-04-16 09:46:49,105 | MainThread   | [DEBUG   ] | _create_generator   |: | Executing Observation Loop at 120.000 deg/s
2025-04-16 09:47:01,066 | MainThread   | [DEBUG   ] | step                |: | Angle diff after obs loop :340.139 deg
2025-04-16 09:47:03,484 | MainThread   | [DEBUG   ] | _create_generator   |: | Executing Observation Loop at 120.000 deg/s
2025-04-16 09:47:06,312 | MainThread   | [DEBUG   ] | step                |: | Angle diff after obs loop :341.979 deg
2025-04-16 09:47:09,765 | MainThread   | [DEBUG   ] | _create_generator   |: | Executing Observation Loop at 120.000 deg/s
2025-04-16 09:47:16,985 | MainThread   | [DEBUG   ] | step                |: | Angle diff after obs loop :340.760 deg
2025-04-16 09:47:19,432 | MainThread   | [DEBUG   ] | _create_generator   |: | Executing Observation Loop at 120.000 deg/s
2025-04-16 09:47:22,262 | MainThread   | [DEBUG   ] | step                |: | Angle diff after obs loop :341.979 deg
2025-04-16 09:47:24,753 | MainThread   | [DEBUG   ] | _create_generator   |: | Executing Observation Loop at 120.000 deg/s
2025-04-16 09:47:27,589 | MainThread   | [DEBUG   ] | step                |: | Angle diff after obs loop :341.979 deg
2025-04-16 09:47:32,195 | MainThread   | [DEBUG   ] | _create_generator   |: | Executing Observation Loop at 120.000 deg/s
2025-04-16 09:47:36,360 | MainThread   | [DEBUG   ] | step                |: | Angle diff after obs loop :342.000 deg
2025-04-16 09:47:48,260 | MainThread   | [DEBUG   ] | _create_generator   |: | Executing Observation Loop at 120.000 deg/s
2025-04-16 09:47:51,086 | MainThread   | [DEBUG   ] | step                |: | Angle diff after obs loop :342.000 deg
2025-04-16 09:47:53,524 | MainThread   | [DEBUG   ] | _create_generator   |: | Executing Observation Loop at 120.000 deg/s
2025-04-16 09:47:56,358 | MainThread   | [DEBUG   ] | step                |: | Angle diff after obs loop :341.998 deg
2025-04-16 09:47:57,820 | MainThread   | [DEBUG   ] | _create_generator   |: | Executing Observation Loop at 120.000 deg/s
2025-04-16 09:48:00,638 | MainThread   | [DEBUG   ] | step                |: | Angle diff after obs loop :341.998 deg
2025-04-16 09:48:02,069 | MainThread   | [DEBUG   ] | _create_generator   |: | Executing Observation Loop at 120.000 deg/s
2025-04-16 09:48:04,906 | MainThread   | [DEBUG   ] | step                |: | Angle diff after obs loop :341.998 deg
2025-04-16 09:48:08,349 | MainThread   | [DEBUG   ] | _create_generator   |: | Executing Observation Loop at 120.000 deg/s
2025-04-16 09:48:11,181 | MainThread   | [DEBUG   ] | step                |: | Angle diff after obs loop :341.998 deg
2025-04-16 09:48:17,627 | MainThread   | [DEBUG   ] | _create_generator   |: | Executing Observation Loop at 120.000 deg/s
2025-04-16 09:48:20,439 | MainThread   | [DEBUG   ] | step                |: | Angle diff after obs loop :340.017 deg
2025-04-16 09:48:22,883 | MainThread   | [DEBUG   ] | _create_generator   |: | Executing Observation Loop at 120.000 deg/s
2025-04-16 09:48:25,697 | MainThread   | [DEBUG   ] | step                |: | Angle diff after obs loop :340.017 deg
2025-04-16 09:48:28,122 | MainThread   | [DEBUG   ] | _create_generator   |: | Executing Observation Loop at 120.000 deg/s
2025-04-16 09:48:30,935 | MainThread   | [DEBUG   ] | step                |: | Angle diff after obs loop :340.017 deg
2025-04-16 09:48:34,430 | MainThread   | [DEBUG   ] | _create_generator   |: | Executing Observation Loop at 120.000 deg/s
2025-04-16 09:48:37,244 | MainThread   | [DEBUG   ] | step                |: | Angle diff after obs loop :340.017 deg
2025-04-16 09:48:40,697 | MainThread   | [DEBUG   ] | _create_generator   |: | Executing Observation Loop at 120.000 deg/s
2025-04-16 09:48:43,526 | MainThread   | [DEBUG   ] | step                |: | Angle diff after obs loop :340.010 deg
2025-04-16 09:48:45,990 | MainThread   | [DEBUG   ] | _create_generator   |: | Executing Observation Loop at 120.000 deg/s
2025-04-16 09:48:48,831 | MainThread   | [DEBUG   ] | step                |: | Angle diff after obs loop :341.979 deg
2025-04-16 09:48:52,282 | MainThread   | [DEBUG   ] | _create_generator   |: | Executing Observation Loop at 120.000 deg/s
2025-04-16 09:48:55,104 | MainThread   | [DEBUG   ] | step                |: | Angle diff after obs loop :341.979 deg
2025-04-16 09:48:57,570 | MainThread   | [DEBUG   ] | _create_generator   |: | Executing Observation Loop at 120.000 deg/s
2025-04-16 09:49:00,416 | MainThread   | [DEBUG   ] | step                |: | Angle diff after obs loop :341.979 deg
2025-04-16 09:49:02,850 | MainThread   | [DEBUG   ] | _create_generator   |: | Executing Observation Loop at 120.000 deg/s
2025-04-16 09:49:05,676 | MainThread   | [DEBUG   ] | step                |: | Angle diff after obs loop :341.979 deg
2025-04-16 09:49:09,172 | MainThread   | [DEBUG   ] | _create_generator   |: | Executing Observation Loop at 120.000 deg/s
2025-04-16 09:49:11,997 | MainThread   | [DEBUG   ] | step                |: | Angle diff after obs loop :341.979 deg
2025-04-16 09:49:15,475 | MainThread   | [DEBUG   ] | _create_generator   |: | Executing Observation Loop at 120.000 deg/s
2025-04-16 09:49:18,315 | MainThread   | [DEBUG   ] | step                |: | Angle diff after obs loop :341.979 deg
2025-04-16 09:54:17,696 | MainThread   | [DEBUG   ] | _create_generator   |: | Executing Observation Loop at 120.000 deg/s
2025-04-16 09:54:20,516 | MainThread   | [DEBUG   ] | step                |: | Angle diff after obs loop :342.000 deg
2025-04-16 09:55:05,883 | MainThread   | [DEBUG   ] | _create_generator   |: | Executing Observation Loop at 120.000 deg/s
2025-04-16 09:55:08,708 | MainThread   | [DEBUG   ] | step                |: | Angle diff after obs loop :342.000 deg
2025-04-16 09:55:11,182 | MainThread   | [DEBUG   ] | _create_generator   |: | Executing Observation Loop at 120.000 deg/s
2025-04-16 09:55:14,010 | MainThread   | [DEBUG   ] | step                |: | Angle diff after obs loop :341.998 deg
2025-04-16 09:55:16,800 | MainThread   | [DEBUG   ] | _create_generator   |: | Executing Observation Loop at 120.000 deg/s
2025-04-16 09:55:19,625 | MainThread   | [DEBUG   ] | step                |: | Angle diff after obs loop :342.000 deg
2025-04-16 09:55:37,336 | MainThread   | [DEBUG   ] | _create_generator   |: | Executing Observation Loop at 120.000 deg/s
2025-04-16 09:55:40,172 | MainThread   | [DEBUG   ] | step                |: | Angle diff after obs loop :342.000 deg
2025-04-16 09:55:42,647 | MainThread   | [DEBUG   ] | _create_generator   |: | Executing Observation Loop at 120.000 deg/s
2025-04-16 09:55:45,483 | MainThread   | [DEBUG   ] | step                |: | Angle diff after obs loop :341.998 deg
2025-04-16 09:55:46,957 | MainThread   | [DEBUG   ] | _create_generator   |: | Executing Observation Loop at 120.000 deg/s
2025-04-16 09:55:49,781 | MainThread   | [DEBUG   ] | step                |: | Angle diff after obs loop :341.998 deg
2025-04-16 09:55:51,241 | MainThread   | [DEBUG   ] | _create_generator   |: | Executing Observation Loop at 120.000 deg/s
2025-04-16 09:55:54,072 | MainThread   | [DEBUG   ] | step                |: | Angle diff after obs loop :341.998 deg
2025-04-16 09:55:57,510 | MainThread   | [DEBUG   ] | _create_generator   |: | Executing Observation Loop at 120.000 deg/s
2025-04-16 09:56:00,333 | MainThread   | [DEBUG   ] | step                |: | Angle diff after obs loop :341.998 deg
2025-04-16 09:56:06,794 | MainThread   | [DEBUG   ] | _create_generator   |: | Executing Observation Loop at 120.000 deg/s
2025-04-16 09:56:09,612 | MainThread   | [DEBUG   ] | step                |: | Angle diff after obs loop :340.017 deg
2025-04-16 09:56:12,073 | MainThread   | [DEBUG   ] | _create_generator   |: | Executing Observation Loop at 120.000 deg/s
2025-04-16 09:56:14,893 | MainThread   | [DEBUG   ] | step                |: | Angle diff after obs loop :340.017 deg
2025-04-16 09:56:17,344 | MainThread   | [DEBUG   ] | _create_generator   |: | Executing Observation Loop at 120.000 deg/s
2025-04-16 09:56:20,162 | MainThread   | [DEBUG   ] | step                |: | Angle diff after obs loop :340.017 deg
2025-04-16 09:56:23,647 | MainThread   | [DEBUG   ] | _create_generator   |: | Executing Observation Loop at 120.000 deg/s
2025-04-16 09:56:26,471 | MainThread   | [DEBUG   ] | step                |: | Angle diff after obs loop :340.017 deg
2025-04-16 09:56:29,964 | MainThread   | [DEBUG   ] | _create_generator   |: | Executing Observation Loop at 120.000 deg/s
2025-04-16 09:56:32,786 | MainThread   | [DEBUG   ] | step                |: | Angle diff after obs loop :340.010 deg
2025-04-16 09:56:35,261 | MainThread   | [DEBUG   ] | _create_generator   |: | Executing Observation Loop at 120.000 deg/s
2025-04-16 09:56:38,094 | MainThread   | [DEBUG   ] | step                |: | Angle diff after obs loop :341.979 deg
2025-04-16 09:56:41,568 | MainThread   | [DEBUG   ] | _create_generator   |: | Executing Observation Loop at 120.000 deg/s
2025-04-16 09:56:44,429 | MainThread   | [DEBUG   ] | step                |: | Angle diff after obs loop :341.979 deg
2025-04-16 09:56:46,891 | MainThread   | [DEBUG   ] | _create_generator   |: | Executing Observation Loop at 120.000 deg/s
2025-04-16 09:56:49,724 | MainThread   | [DEBUG   ] | step                |: | Angle diff after obs loop :341.979 deg
2025-04-16 09:56:52,251 | MainThread   | [DEBUG   ] | _create_generator   |: | Executing Observation Loop at 120.000 deg/s
2025-04-16 09:56:55,078 | MainThread   | [DEBUG   ] | step                |: | Angle diff after obs loop :341.979 deg
2025-04-16 09:56:58,546 | MainThread   | [DEBUG   ] | _create_generator   |: | Executing Observation Loop at 120.000 deg/s
2025-04-16 09:57:01,396 | MainThread   | [DEBUG   ] | step                |: | Angle diff after obs loop :341.979 deg
2025-04-16 09:57:04,893 | MainThread   | [DEBUG   ] | _create_generator   |: | Executing Observation Loop at 120.000 deg/s
2025-04-16 09:57:07,721 | MainThread   | [DEBUG   ] | step                |: | Angle diff after obs loop :341.979 deg
2025-04-16 09:58:09,013 | MainThread   | [DEBUG   ] | _create_generator   |: | Executing Observation Loop at 120.000 deg/s
2025-04-16 09:58:11,843 | MainThread   | [DEBUG   ] | step                |: | Angle diff after obs loop :342.000 deg
2025-04-16 09:58:25,084 | MainThread   | [DEBUG   ] | _create_generator   |: | Executing Observation Loop at 120.000 deg/s
2025-04-16 09:58:27,921 | MainThread   | [DEBUG   ] | step                |: | Angle diff after obs loop :342.000 deg
2025-04-16 09:58:30,392 | MainThread   | [DEBUG   ] | _create_generator   |: | Executing Observation Loop at 120.000 deg/s
2025-04-16 09:58:33,216 | MainThread   | [DEBUG   ] | step                |: | Angle diff after obs loop :341.998 deg
2025-04-16 09:58:34,685 | MainThread   | [DEBUG   ] | _create_generator   |: | Executing Observation Loop at 120.000 deg/s
2025-04-16 09:58:37,515 | MainThread   | [DEBUG   ] | step                |: | Angle diff after obs loop :341.998 deg
2025-04-16 09:58:38,969 | MainThread   | [DEBUG   ] | _create_generator   |: | Executing Observation Loop at 120.000 deg/s
2025-04-16 09:58:41,807 | MainThread   | [DEBUG   ] | step                |: | Angle diff after obs loop :341.998 deg
2025-04-16 09:58:45,288 | MainThread   | [DEBUG   ] | _create_generator   |: | Executing Observation Loop at 120.000 deg/s
2025-04-16 09:58:48,114 | MainThread   | [DEBUG   ] | step                |: | Angle diff after obs loop :341.998 deg
2025-04-16 09:58:54,590 | MainThread   | [DEBUG   ] | _create_generator   |: | Executing Observation Loop at 120.000 deg/s
2025-04-16 09:58:57,409 | MainThread   | [DEBUG   ] | step                |: | Angle diff after obs loop :340.017 deg
2025-04-16 09:58:59,870 | MainThread   | [DEBUG   ] | _create_generator   |: | Executing Observation Loop at 120.000 deg/s
2025-04-16 09:59:02,693 | MainThread   | [DEBUG   ] | step                |: | Angle diff after obs loop :340.017 deg
2025-04-16 09:59:05,190 | MainThread   | [DEBUG   ] | _create_generator   |: | Executing Observation Loop at 120.000 deg/s
2025-04-16 09:59:07,998 | MainThread   | [DEBUG   ] | step                |: | Angle diff after obs loop :340.017 deg
2025-04-16 09:59:11,457 | MainThread   | [DEBUG   ] | _create_generator   |: | Executing Observation Loop at 120.000 deg/s
2025-04-16 09:59:14,287 | MainThread   | [DEBUG   ] | step                |: | Angle diff after obs loop :340.017 deg
2025-04-16 09:59:17,761 | MainThread   | [DEBUG   ] | _create_generator   |: | Executing Observation Loop at 120.000 deg/s
2025-04-16 09:59:20,578 | MainThread   | [DEBUG   ] | step                |: | Angle diff after obs loop :340.010 deg
2025-04-16 09:59:23,058 | MainThread   | [DEBUG   ] | _create_generator   |: | Executing Observation Loop at 120.000 deg/s
2025-04-16 09:59:25,893 | MainThread   | [DEBUG   ] | step                |: | Angle diff after obs loop :341.979 deg
2025-04-16 09:59:29,376 | MainThread   | [DEBUG   ] | _create_generator   |: | Executing Observation Loop at 120.000 deg/s
2025-04-16 09:59:32,215 | MainThread   | [DEBUG   ] | step                |: | Angle diff after obs loop :341.979 deg
2025-04-16 09:59:34,683 | MainThread   | [DEBUG   ] | _create_generator   |: | Executing Observation Loop at 120.000 deg/s
2025-04-16 09:59:37,537 | MainThread   | [DEBUG   ] | step                |: | Angle diff after obs loop :341.979 deg
2025-04-16 09:59:40,022 | MainThread   | [DEBUG   ] | _create_generator   |: | Executing Observation Loop at 120.000 deg/s
2025-04-16 09:59:42,866 | MainThread   | [DEBUG   ] | step                |: | Angle diff after obs loop :341.979 deg
2025-04-16 09:59:46,321 | MainThread   | [DEBUG   ] | _create_generator   |: | Executing Observation Loop at 120.000 deg/s
2025-04-16 09:59:49,158 | MainThread   | [DEBUG   ] | step                |: | Angle diff after obs loop :341.979 deg
2025-04-16 09:59:52,621 | MainThread   | [DEBUG   ] | _create_generator   |: | Executing Observation Loop at 120.000 deg/s
2025-04-16 09:59:55,459 | MainThread   | [DEBUG   ] | step                |: | Angle diff after obs loop :341.979 deg
2025-04-16 10:00:09,917 | MainThread   | [DEBUG   ] | run                 |: Exiting gracefully
2025-04-16 10:00:49,910 | MainThread   | [DEBUG   ] | run                 |: Starting Flatland
2025-04-16 10:00:50,275 | MainThread   | [DEBUG   ] | __init__            |: | Observations per loop: 18
2025-04-16 10:01:18,616 | MainThread   | [DEBUG   ] | _create_generator   |: | Executing Observation Loop at 120.000 deg/s
2025-04-16 10:01:21,446 | MainThread   | [DEBUG   ] | step                |: | Angle diff after obs loop :342.000 deg
2025-04-16 10:01:27,599 | MainThread   | [DEBUG   ] | _create_generator   |: | Executing Observation Loop at 120.000 deg/s
2025-04-16 10:01:30,435 | MainThread   | [DEBUG   ] | step                |: | Angle diff after obs loop :342.000 deg
2025-04-16 10:01:32,870 | MainThread   | [DEBUG   ] | _create_generator   |: | Executing Observation Loop at 120.000 deg/s
2025-04-16 10:01:35,688 | MainThread   | [DEBUG   ] | step                |: | Angle diff after obs loop :341.998 deg
2025-04-16 10:01:37,106 | MainThread   | [DEBUG   ] | _create_generator   |: | Executing Observation Loop at 120.000 deg/s
2025-04-16 10:01:39,926 | MainThread   | [DEBUG   ] | step                |: | Angle diff after obs loop :341.998 deg
2025-04-16 10:01:41,361 | MainThread   | [DEBUG   ] | _create_generator   |: | Executing Observation Loop at 120.000 deg/s
2025-04-16 10:01:44,197 | MainThread   | [DEBUG   ] | step                |: | Angle diff after obs loop :341.998 deg
2025-04-16 10:01:47,673 | MainThread   | [DEBUG   ] | _create_generator   |: | Executing Observation Loop at 120.000 deg/s
2025-04-16 10:01:50,513 | MainThread   | [DEBUG   ] | step                |: | Angle diff after obs loop :341.998 deg
2025-04-16 10:01:56,955 | MainThread   | [DEBUG   ] | _create_generator   |: | Executing Observation Loop at 120.000 deg/s
2025-04-16 10:01:59,775 | MainThread   | [DEBUG   ] | step                |: | Angle diff after obs loop :340.017 deg
2025-04-16 10:02:02,209 | MainThread   | [DEBUG   ] | _create_generator   |: | Executing Observation Loop at 120.000 deg/s
2025-04-16 10:02:05,022 | MainThread   | [DEBUG   ] | step                |: | Angle diff after obs loop :340.017 deg
2025-04-16 10:02:24,183 | MainThread   | [DEBUG   ] | _create_generator   |: | Executing Observation Loop at 120.000 deg/s
2025-04-16 10:02:27,009 | MainThread   | [DEBUG   ] | step                |: | Angle diff after obs loop :342.000 deg
2025-04-16 10:02:30,805 | MainThread   | [DEBUG   ] | _create_generator   |: | Executing Observation Loop at 120.000 deg/s
2025-04-16 10:02:33,646 | MainThread   | [DEBUG   ] | step                |: | Angle diff after obs loop :342.000 deg
2025-04-16 10:02:36,085 | MainThread   | [DEBUG   ] | _create_generator   |: | Executing Observation Loop at 120.000 deg/s
2025-04-16 10:02:38,918 | MainThread   | [DEBUG   ] | step                |: | Angle diff after obs loop :341.998 deg
2025-04-16 10:02:40,341 | MainThread   | [DEBUG   ] | _create_generator   |: | Executing Observation Loop at 120.000 deg/s
2025-04-16 10:02:43,170 | MainThread   | [DEBUG   ] | step                |: | Angle diff after obs loop :341.998 deg
2025-04-16 10:02:44,611 | MainThread   | [DEBUG   ] | _create_generator   |: | Executing Observation Loop at 120.000 deg/s
2025-04-16 10:02:47,448 | MainThread   | [DEBUG   ] | step                |: | Angle diff after obs loop :341.998 deg
2025-04-16 10:02:50,898 | MainThread   | [DEBUG   ] | _create_generator   |: | Executing Observation Loop at 120.000 deg/s
2025-04-16 10:02:53,725 | MainThread   | [DEBUG   ] | step                |: | Angle diff after obs loop :341.998 deg
2025-04-16 10:03:00,179 | MainThread   | [DEBUG   ] | _create_generator   |: | Executing Observation Loop at 120.000 deg/s
2025-04-16 10:03:02,987 | MainThread   | [DEBUG   ] | step                |: | Angle diff after obs loop :340.017 deg
2025-04-16 10:03:05,390 | MainThread   | [DEBUG   ] | _create_generator   |: | Executing Observation Loop at 120.000 deg/s
2025-04-16 10:03:08,206 | MainThread   | [DEBUG   ] | step                |: | Angle diff after obs loop :340.017 deg
2025-04-16 10:03:10,662 | MainThread   | [DEBUG   ] | _create_generator   |: | Executing Observation Loop at 120.000 deg/s
2025-04-16 10:03:13,485 | MainThread   | [DEBUG   ] | step                |: | Angle diff after obs loop :340.017 deg
2025-04-16 10:03:16,934 | MainThread   | [DEBUG   ] | _create_generator   |: | Executing Observation Loop at 120.000 deg/s
2025-04-16 10:03:19,756 | MainThread   | [DEBUG   ] | step                |: | Angle diff after obs loop :340.017 deg
2025-04-16 10:03:23,177 | MainThread   | [DEBUG   ] | _create_generator   |: | Executing Observation Loop at 120.000 deg/s
2025-04-16 10:03:25,983 | MainThread   | [DEBUG   ] | step                |: | Angle diff after obs loop :340.010 deg
2025-04-16 10:03:28,420 | MainThread   | [DEBUG   ] | _create_generator   |: | Executing Observation Loop at 120.000 deg/s
2025-04-16 10:03:31,245 | MainThread   | [DEBUG   ] | step                |: | Angle diff after obs loop :341.979 deg
2025-04-16 10:03:34,694 | MainThread   | [DEBUG   ] | _create_generator   |: | Executing Observation Loop at 120.000 deg/s
2025-04-16 10:03:37,528 | MainThread   | [DEBUG   ] | step                |: | Angle diff after obs loop :341.979 deg
2025-04-16 10:03:39,956 | MainThread   | [DEBUG   ] | _create_generator   |: | Executing Observation Loop at 120.000 deg/s
2025-04-16 10:03:42,788 | MainThread   | [DEBUG   ] | step                |: | Angle diff after obs loop :341.979 deg
2025-04-16 10:03:45,220 | MainThread   | [DEBUG   ] | _create_generator   |: | Executing Observation Loop at 120.000 deg/s
2025-04-16 10:03:48,044 | MainThread   | [DEBUG   ] | step                |: | Angle diff after obs loop :341.979 deg
2025-04-16 10:03:51,486 | MainThread   | [DEBUG   ] | _create_generator   |: | Executing Observation Loop at 120.000 deg/s
2025-04-16 10:03:54,313 | MainThread   | [DEBUG   ] | step                |: | Angle diff after obs loop :341.979 deg
2025-04-16 10:03:57,753 | MainThread   | [DEBUG   ] | _create_generator   |: | Executing Observation Loop at 120.000 deg/s
2025-04-16 10:04:00,576 | MainThread   | [DEBUG   ] | step                |: | Angle diff after obs loop :341.979 deg
2025-04-16 10:04:14,322 | MainThread   | [DEBUG   ] | _create_generator   |: | Executing Observation Loop at 120.000 deg/s
2025-04-16 10:04:17,148 | MainThread   | [DEBUG   ] | step                |: | Angle diff after obs loop :342.000 deg
2025-04-16 10:04:20,930 | MainThread   | [DEBUG   ] | _create_generator   |: | Executing Observation Loop at 120.000 deg/s
2025-04-16 10:04:23,779 | MainThread   | [DEBUG   ] | step                |: | Angle diff after obs loop :342.000 deg
2025-04-16 10:04:26,209 | MainThread   | [DEBUG   ] | _create_generator   |: | Executing Observation Loop at 120.000 deg/s
2025-04-16 10:04:29,026 | MainThread   | [DEBUG   ] | step                |: | Angle diff after obs loop :341.998 deg
2025-04-16 10:04:30,459 | MainThread   | [DEBUG   ] | _create_generator   |: | Executing Observation Loop at 120.000 deg/s
2025-04-16 10:04:33,290 | MainThread   | [DEBUG   ] | step                |: | Angle diff after obs loop :341.998 deg
2025-04-16 10:04:34,734 | MainThread   | [DEBUG   ] | _create_generator   |: | Executing Observation Loop at 120.000 deg/s
2025-04-16 10:04:37,575 | MainThread   | [DEBUG   ] | step                |: | Angle diff after obs loop :341.998 deg
2025-04-16 10:04:41,039 | MainThread   | [DEBUG   ] | _create_generator   |: | Executing Observation Loop at 120.000 deg/s
2025-04-16 10:04:43,862 | MainThread   | [DEBUG   ] | step                |: | Angle diff after obs loop :341.998 deg
2025-04-16 10:04:50,320 | MainThread   | [DEBUG   ] | _create_generator   |: | Executing Observation Loop at 120.000 deg/s
2025-04-16 10:04:53,133 | MainThread   | [DEBUG   ] | step                |: | Angle diff after obs loop :340.017 deg
2025-04-16 10:04:55,565 | MainThread   | [DEBUG   ] | _create_generator   |: | Executing Observation Loop at 120.000 deg/s
2025-04-16 10:04:58,391 | MainThread   | [DEBUG   ] | step                |: | Angle diff after obs loop :340.017 deg
2025-04-16 10:05:00,824 | MainThread   | [DEBUG   ] | _create_generator   |: | Executing Observation Loop at 120.000 deg/s
2025-04-16 10:05:03,630 | MainThread   | [DEBUG   ] | step                |: | Angle diff after obs loop :340.017 deg
2025-04-16 10:05:07,065 | MainThread   | [DEBUG   ] | _create_generator   |: | Executing Observation Loop at 120.000 deg/s
2025-04-16 10:05:09,879 | MainThread   | [DEBUG   ] | step                |: | Angle diff after obs loop :340.017 deg
2025-04-16 10:05:13,344 | MainThread   | [DEBUG   ] | _create_generator   |: | Executing Observation Loop at 120.000 deg/s
2025-04-16 10:05:16,162 | MainThread   | [DEBUG   ] | step                |: | Angle diff after obs loop :340.010 deg
2025-04-16 10:05:18,600 | MainThread   | [DEBUG   ] | _create_generator   |: | Executing Observation Loop at 120.000 deg/s
2025-04-16 10:05:21,418 | MainThread   | [DEBUG   ] | step                |: | Angle diff after obs loop :341.979 deg
2025-04-16 10:05:24,849 | MainThread   | [DEBUG   ] | _create_generator   |: | Executing Observation Loop at 120.000 deg/s
2025-04-16 10:05:27,697 | MainThread   | [DEBUG   ] | step                |: | Angle diff after obs loop :341.979 deg
2025-04-16 10:05:30,130 | MainThread   | [DEBUG   ] | _create_generator   |: | Executing Observation Loop at 120.000 deg/s
2025-04-16 10:05:32,975 | MainThread   | [DEBUG   ] | step                |: | Angle diff after obs loop :341.979 deg
2025-04-16 10:05:35,405 | MainThread   | [DEBUG   ] | _create_generator   |: | Executing Observation Loop at 120.000 deg/s
2025-04-16 10:05:38,231 | MainThread   | [DEBUG   ] | step                |: | Angle diff after obs loop :341.979 deg
2025-04-16 10:05:41,672 | MainThread   | [DEBUG   ] | _create_generator   |: | Executing Observation Loop at 120.000 deg/s
2025-04-16 10:05:44,508 | MainThread   | [DEBUG   ] | step                |: | Angle diff after obs loop :341.979 deg
2025-04-16 10:05:47,950 | MainThread   | [DEBUG   ] | _create_generator   |: | Executing Observation Loop at 120.000 deg/s
2025-04-16 10:05:50,791 | MainThread   | [DEBUG   ] | step                |: | Angle diff after obs loop :341.979 deg
2025-04-16 10:06:18,308 | MainThread   | [DEBUG   ] | _create_generator   |: | Executing Observation Loop at 120.000 deg/s
2025-04-16 10:06:21,132 | MainThread   | [DEBUG   ] | step                |: | Angle diff after obs loop :342.000 deg
2025-04-16 10:06:24,890 | MainThread   | [DEBUG   ] | _create_generator   |: | Executing Observation Loop at 120.000 deg/s
2025-04-16 10:06:27,723 | MainThread   | [DEBUG   ] | step                |: | Angle diff after obs loop :342.000 deg
2025-04-16 10:06:30,165 | MainThread   | [DEBUG   ] | _create_generator   |: | Executing Observation Loop at 120.000 deg/s
2025-04-16 10:06:33,004 | MainThread   | [DEBUG   ] | step                |: | Angle diff after obs loop :341.998 deg
2025-04-16 10:06:34,434 | MainThread   | [DEBUG   ] | _create_generator   |: | Executing Observation Loop at 120.000 deg/s
2025-04-16 10:06:37,262 | MainThread   | [DEBUG   ] | step                |: | Angle diff after obs loop :341.998 deg
2025-04-16 10:06:38,691 | MainThread   | [DEBUG   ] | _create_generator   |: | Executing Observation Loop at 120.000 deg/s
2025-04-16 10:06:41,523 | MainThread   | [DEBUG   ] | step                |: | Angle diff after obs loop :341.998 deg
2025-04-16 10:06:44,961 | MainThread   | [DEBUG   ] | _create_generator   |: | Executing Observation Loop at 120.000 deg/s
2025-04-16 10:06:47,798 | MainThread   | [DEBUG   ] | step                |: | Angle diff after obs loop :341.998 deg
2025-04-16 10:06:54,243 | MainThread   | [DEBUG   ] | _create_generator   |: | Executing Observation Loop at 120.000 deg/s
2025-04-16 10:06:57,059 | MainThread   | [DEBUG   ] | step                |: | Angle diff after obs loop :340.017 deg
2025-04-16 10:06:59,489 | MainThread   | [DEBUG   ] | _create_generator   |: | Executing Observation Loop at 120.000 deg/s
2025-04-16 10:07:02,295 | MainThread   | [DEBUG   ] | step                |: | Angle diff after obs loop :340.017 deg
2025-04-16 10:07:04,734 | MainThread   | [DEBUG   ] | _create_generator   |: | Executing Observation Loop at 120.000 deg/s
2025-04-16 10:07:07,532 | MainThread   | [DEBUG   ] | step                |: | Angle diff after obs loop :340.017 deg
2025-04-16 10:07:10,973 | MainThread   | [DEBUG   ] | _create_generator   |: | Executing Observation Loop at 120.000 deg/s
2025-04-16 10:07:13,800 | MainThread   | [DEBUG   ] | step                |: | Angle diff after obs loop :340.017 deg
2025-04-16 10:07:17,263 | MainThread   | [DEBUG   ] | _create_generator   |: | Executing Observation Loop at 120.000 deg/s
2025-04-16 10:07:20,079 | MainThread   | [DEBUG   ] | step                |: | Angle diff after obs loop :340.010 deg
2025-04-16 10:07:22,526 | MainThread   | [DEBUG   ] | _create_generator   |: | Executing Observation Loop at 120.000 deg/s
2025-04-16 10:07:25,364 | MainThread   | [DEBUG   ] | step                |: | Angle diff after obs loop :341.979 deg
2025-04-16 10:07:28,807 | MainThread   | [DEBUG   ] | _create_generator   |: | Executing Observation Loop at 120.000 deg/s
2025-04-16 10:07:31,627 | MainThread   | [DEBUG   ] | step                |: | Angle diff after obs loop :341.979 deg
2025-04-16 10:07:34,053 | MainThread   | [DEBUG   ] | _create_generator   |: | Executing Observation Loop at 120.000 deg/s
2025-04-16 10:07:36,883 | MainThread   | [DEBUG   ] | step                |: | Angle diff after obs loop :341.979 deg
2025-04-16 10:07:39,319 | MainThread   | [DEBUG   ] | _create_generator   |: | Executing Observation Loop at 120.000 deg/s
2025-04-16 10:07:42,141 | MainThread   | [DEBUG   ] | step                |: | Angle diff after obs loop :341.979 deg
2025-04-16 10:07:45,569 | MainThread   | [DEBUG   ] | _create_generator   |: | Executing Observation Loop at 120.000 deg/s
2025-04-16 10:07:48,415 | MainThread   | [DEBUG   ] | step                |: | Angle diff after obs loop :341.979 deg
2025-04-16 10:07:51,857 | MainThread   | [DEBUG   ] | _create_generator   |: | Executing Observation Loop at 120.000 deg/s
2025-04-16 10:07:54,687 | MainThread   | [DEBUG   ] | step                |: | Angle diff after obs loop :341.979 deg
2025-04-16 10:08:06,222 | MainThread   | [DEBUG   ] | _create_generator   |: | Executing Observation Loop at 120.000 deg/s
2025-04-16 10:08:09,059 | MainThread   | [DEBUG   ] | step                |: | Angle diff after obs loop :342.000 deg
2025-04-16 10:08:12,834 | MainThread   | [DEBUG   ] | _create_generator   |: | Executing Observation Loop at 120.000 deg/s
2025-04-16 10:08:15,676 | MainThread   | [DEBUG   ] | step                |: | Angle diff after obs loop :342.000 deg
2025-04-16 10:08:18,115 | MainThread   | [DEBUG   ] | _create_generator   |: | Executing Observation Loop at 120.000 deg/s
2025-04-16 10:08:20,947 | MainThread   | [DEBUG   ] | step                |: | Angle diff after obs loop :341.998 deg
2025-04-16 10:08:22,373 | MainThread   | [DEBUG   ] | _create_generator   |: | Executing Observation Loop at 120.000 deg/s
2025-04-16 10:08:25,208 | MainThread   | [DEBUG   ] | step                |: | Angle diff after obs loop :341.998 deg
2025-04-16 10:08:26,639 | MainThread   | [DEBUG   ] | _create_generator   |: | Executing Observation Loop at 120.000 deg/s
2025-04-16 10:08:29,473 | MainThread   | [DEBUG   ] | step                |: | Angle diff after obs loop :341.998 deg
2025-04-16 10:08:32,904 | MainThread   | [DEBUG   ] | _create_generator   |: | Executing Observation Loop at 120.000 deg/s
2025-04-16 10:08:35,740 | MainThread   | [DEBUG   ] | step                |: | Angle diff after obs loop :341.998 deg
2025-04-16 10:08:42,177 | MainThread   | [DEBUG   ] | _create_generator   |: | Executing Observation Loop at 120.000 deg/s
2025-04-16 10:08:44,988 | MainThread   | [DEBUG   ] | step                |: | Angle diff after obs loop :340.017 deg
2025-04-16 10:08:47,419 | MainThread   | [DEBUG   ] | _create_generator   |: | Executing Observation Loop at 120.000 deg/s
2025-04-16 10:08:50,244 | MainThread   | [DEBUG   ] | step                |: | Angle diff after obs loop :340.017 deg
2025-04-16 10:08:52,682 | MainThread   | [DEBUG   ] | _create_generator   |: | Executing Observation Loop at 120.000 deg/s
2025-04-16 10:08:55,505 | MainThread   | [DEBUG   ] | step                |: | Angle diff after obs loop :340.017 deg
2025-04-16 10:08:58,970 | MainThread   | [DEBUG   ] | _create_generator   |: | Executing Observation Loop at 120.000 deg/s
2025-04-16 10:09:01,782 | MainThread   | [DEBUG   ] | step                |: | Angle diff after obs loop :340.017 deg
2025-04-16 10:09:05,229 | MainThread   | [DEBUG   ] | _create_generator   |: | Executing Observation Loop at 120.000 deg/s
2025-04-16 10:09:08,037 | MainThread   | [DEBUG   ] | step                |: | Angle diff after obs loop :340.010 deg
2025-04-16 10:09:10,456 | MainThread   | [DEBUG   ] | _create_generator   |: | Executing Observation Loop at 120.000 deg/s
2025-04-16 10:09:13,283 | MainThread   | [DEBUG   ] | step                |: | Angle diff after obs loop :341.979 deg
2025-04-16 10:09:16,725 | MainThread   | [DEBUG   ] | _create_generator   |: | Executing Observation Loop at 120.000 deg/s
2025-04-16 10:09:19,549 | MainThread   | [DEBUG   ] | step                |: | Angle diff after obs loop :341.979 deg
2025-04-16 10:09:21,994 | MainThread   | [DEBUG   ] | _create_generator   |: | Executing Observation Loop at 120.000 deg/s
2025-04-16 10:09:24,826 | MainThread   | [DEBUG   ] | step                |: | Angle diff after obs loop :341.979 deg
2025-04-16 10:09:27,262 | MainThread   | [DEBUG   ] | _create_generator   |: | Executing Observation Loop at 120.000 deg/s
2025-04-16 10:09:30,093 | MainThread   | [DEBUG   ] | step                |: | Angle diff after obs loop :341.979 deg
2025-04-16 10:09:33,539 | MainThread   | [DEBUG   ] | _create_generator   |: | Executing Observation Loop at 120.000 deg/s
2025-04-16 10:09:36,370 | MainThread   | [DEBUG   ] | step                |: | Angle diff after obs loop :341.979 deg
2025-04-16 10:09:39,803 | MainThread   | [DEBUG   ] | _create_generator   |: | Executing Observation Loop at 120.000 deg/s
2025-04-16 10:09:42,635 | MainThread   | [DEBUG   ] | step                |: | Angle diff after obs loop :341.979 deg
2025-04-16 10:09:57,593 | MainThread   | [DEBUG   ] | _create_generator   |: | Executing Observation Loop at 120.000 deg/s
2025-04-16 10:10:00,431 | MainThread   | [DEBUG   ] | step                |: | Angle diff after obs loop :342.000 deg
2025-04-16 10:10:04,239 | MainThread   | [DEBUG   ] | _create_generator   |: | Executing Observation Loop at 120.000 deg/s
2025-04-16 10:10:07,045 | MainThread   | [DEBUG   ] | step                |: | Angle diff after obs loop :342.000 deg
2025-04-16 10:10:09,482 | MainThread   | [DEBUG   ] | _create_generator   |: | Executing Observation Loop at 120.000 deg/s
2025-04-16 10:10:12,309 | MainThread   | [DEBUG   ] | step                |: | Angle diff after obs loop :341.998 deg
2025-04-16 10:10:13,754 | MainThread   | [DEBUG   ] | _create_generator   |: | Executing Observation Loop at 120.000 deg/s
2025-04-16 10:10:16,579 | MainThread   | [DEBUG   ] | step                |: | Angle diff after obs loop :341.998 deg
2025-04-16 10:10:18,005 | MainThread   | [DEBUG   ] | _create_generator   |: | Executing Observation Loop at 120.000 deg/s
2025-04-16 10:10:20,844 | MainThread   | [DEBUG   ] | step                |: | Angle diff after obs loop :341.998 deg
2025-04-16 10:10:24,279 | MainThread   | [DEBUG   ] | _create_generator   |: | Executing Observation Loop at 120.000 deg/s
2025-04-16 10:10:27,106 | MainThread   | [DEBUG   ] | step                |: | Angle diff after obs loop :341.998 deg
2025-04-16 10:10:33,556 | MainThread   | [DEBUG   ] | _create_generator   |: | Executing Observation Loop at 120.000 deg/s
2025-04-16 10:10:36,369 | MainThread   | [DEBUG   ] | step                |: | Angle diff after obs loop :340.017 deg
2025-04-16 10:10:38,799 | MainThread   | [DEBUG   ] | _create_generator   |: | Executing Observation Loop at 120.000 deg/s
2025-04-16 10:10:41,603 | MainThread   | [DEBUG   ] | step                |: | Angle diff after obs loop :340.017 deg
2025-04-16 10:10:44,080 | MainThread   | [DEBUG   ] | _create_generator   |: | Executing Observation Loop at 120.000 deg/s
2025-04-16 10:10:46,895 | MainThread   | [DEBUG   ] | step                |: | Angle diff after obs loop :340.017 deg
2025-04-16 10:10:50,333 | MainThread   | [DEBUG   ] | _create_generator   |: | Executing Observation Loop at 120.000 deg/s
2025-04-16 10:10:53,149 | MainThread   | [DEBUG   ] | step                |: | Angle diff after obs loop :340.017 deg
2025-04-16 10:10:56,617 | MainThread   | [DEBUG   ] | _create_generator   |: | Executing Observation Loop at 120.000 deg/s
2025-04-16 10:10:59,412 | MainThread   | [DEBUG   ] | step                |: | Angle diff after obs loop :340.010 deg
2025-04-16 10:11:01,846 | MainThread   | [DEBUG   ] | _create_generator   |: | Executing Observation Loop at 120.000 deg/s
2025-04-16 10:11:04,679 | MainThread   | [DEBUG   ] | step                |: | Angle diff after obs loop :341.979 deg
2025-04-16 10:11:08,121 | MainThread   | [DEBUG   ] | _create_generator   |: | Executing Observation Loop at 120.000 deg/s
2025-04-16 10:11:10,958 | MainThread   | [DEBUG   ] | step                |: | Angle diff after obs loop :341.979 deg
2025-04-16 10:11:13,370 | MainThread   | [DEBUG   ] | _create_generator   |: | Executing Observation Loop at 120.000 deg/s
2025-04-16 10:11:16,208 | MainThread   | [DEBUG   ] | step                |: | Angle diff after obs loop :341.979 deg
2025-04-16 10:11:18,629 | MainThread   | [DEBUG   ] | _create_generator   |: | Executing Observation Loop at 120.000 deg/s
2025-04-16 10:11:21,460 | MainThread   | [DEBUG   ] | step                |: | Angle diff after obs loop :341.979 deg
2025-04-16 10:11:24,908 | MainThread   | [DEBUG   ] | _create_generator   |: | Executing Observation Loop at 120.000 deg/s
2025-04-16 10:11:27,743 | MainThread   | [DEBUG   ] | step                |: | Angle diff after obs loop :341.979 deg
2025-04-16 10:11:31,170 | MainThread   | [DEBUG   ] | _create_generator   |: | Executing Observation Loop at 120.000 deg/s
2025-04-16 10:11:34,010 | MainThread   | [DEBUG   ] | step                |: | Angle diff after obs loop :341.979 deg
2025-04-23 09:22:54,573 | MainThread   | [DEBUG   ] | run                 |: Starting Flatland
2025-04-23 09:22:55,046 | MainThread   | [DEBUG   ] | __init__            |: | Observations per loop: 18
2025-04-23 09:23:29,361 | MainThread   | [DEBUG   ] | _create_generator   |: | Executing Observation Loop at 120.000 deg/s
2025-04-23 09:23:32,204 | MainThread   | [DEBUG   ] | step                |: | Angle diff after obs loop :342.000 deg
2025-04-23 09:24:01,306 | MainThread   | [DEBUG   ] | _create_generator   |: | Executing Observation Loop at 120.000 deg/s
2025-04-23 09:24:04,160 | MainThread   | [DEBUG   ] | step                |: | Angle diff after obs loop :342.000 deg
2025-04-23 09:24:06,418 | MainThread   | [DEBUG   ] | _create_generator   |: | Executing Observation Loop at 120.000 deg/s
2025-04-23 09:24:09,267 | MainThread   | [DEBUG   ] | step                |: | Angle diff after obs loop :341.998 deg
2025-04-23 09:24:10,496 | MainThread   | [DEBUG   ] | _create_generator   |: | Executing Observation Loop at 120.000 deg/s
2025-04-23 09:24:13,340 | MainThread   | [DEBUG   ] | step                |: | Angle diff after obs loop :341.998 deg
2025-04-23 09:24:14,587 | MainThread   | [DEBUG   ] | _create_generator   |: | Executing Observation Loop at 120.000 deg/s
2025-04-23 09:24:17,437 | MainThread   | [DEBUG   ] | step                |: | Angle diff after obs loop :341.998 deg
2025-04-23 09:24:20,685 | MainThread   | [DEBUG   ] | _create_generator   |: | Executing Observation Loop at 120.000 deg/s
2025-04-23 09:24:23,533 | MainThread   | [DEBUG   ] | step                |: | Angle diff after obs loop :341.998 deg
2025-04-23 09:24:29,765 | MainThread   | [DEBUG   ] | _create_generator   |: | Executing Observation Loop at 120.000 deg/s
2025-04-23 09:24:32,591 | MainThread   | [DEBUG   ] | step                |: | Angle diff after obs loop :340.017 deg
2025-04-23 09:24:34,825 | MainThread   | [DEBUG   ] | _create_generator   |: | Executing Observation Loop at 120.000 deg/s
2025-04-23 09:24:37,656 | MainThread   | [DEBUG   ] | step                |: | Angle diff after obs loop :340.017 deg
2025-04-23 09:24:39,901 | MainThread   | [DEBUG   ] | _create_generator   |: | Executing Observation Loop at 120.000 deg/s
2025-04-23 09:24:42,723 | MainThread   | [DEBUG   ] | step                |: | Angle diff after obs loop :340.017 deg
2025-04-23 09:24:45,963 | MainThread   | [DEBUG   ] | _create_generator   |: | Executing Observation Loop at 120.000 deg/s
2025-04-23 09:24:48,788 | MainThread   | [DEBUG   ] | step                |: | Angle diff after obs loop :340.017 deg
2025-04-23 09:24:52,029 | MainThread   | [DEBUG   ] | _create_generator   |: | Executing Observation Loop at 120.000 deg/s
2025-04-23 09:24:54,859 | MainThread   | [DEBUG   ] | step                |: | Angle diff after obs loop :340.011 deg
2025-04-23 09:24:57,079 | MainThread   | [DEBUG   ] | _create_generator   |: | Executing Observation Loop at 120.000 deg/s
2025-04-23 09:24:59,918 | MainThread   | [DEBUG   ] | step                |: | Angle diff after obs loop :341.979 deg
2025-04-23 09:25:03,160 | MainThread   | [DEBUG   ] | _create_generator   |: | Executing Observation Loop at 120.000 deg/s
2025-04-23 09:25:06,004 | MainThread   | [DEBUG   ] | step                |: | Angle diff after obs loop :341.979 deg
2025-04-23 09:25:08,233 | MainThread   | [DEBUG   ] | _create_generator   |: | Executing Observation Loop at 120.000 deg/s
2025-04-23 09:25:11,075 | MainThread   | [DEBUG   ] | step                |: | Angle diff after obs loop :341.979 deg
2025-04-23 09:25:13,309 | MainThread   | [DEBUG   ] | _create_generator   |: | Executing Observation Loop at 120.000 deg/s
2025-04-23 09:25:16,148 | MainThread   | [DEBUG   ] | step                |: | Angle diff after obs loop :341.979 deg
2025-04-23 09:25:19,377 | MainThread   | [DEBUG   ] | _create_generator   |: | Executing Observation Loop at 120.000 deg/s
2025-04-23 09:25:22,236 | MainThread   | [DEBUG   ] | step                |: | Angle diff after obs loop :341.979 deg
2025-04-23 09:25:25,471 | MainThread   | [DEBUG   ] | _create_generator   |: | Executing Observation Loop at 120.000 deg/s
2025-04-23 09:25:28,311 | MainThread   | [DEBUG   ] | step                |: | Angle diff after obs loop :341.979 deg
